| MainThread | 2023-02-10 10:14:36,433 | __main__ | INFO | ONLINE TRADER
| MainThread | 2023-02-10 10:15:22,104 | __main__ | INFO | SYSTEM STARTS
| MainThread | 2023-02-10 10:16:00,100 | __main__ | INFO | Random entry
| MainThread | 2023-02-10 10:16:00,150 | __main__ | INFO | 
Crossover: False/False
Hist. Profits: [0]
Max risks: 0
| MainThread | 2023-02-10 10:16:59,108 | __main__ | INFO | random exception
| MainThread | 2023-02-10 10:16:59,157 | __main__ | INFO | Exception in main loop | 
| MainThread | 2023-02-10 10:17:02,054 | __main__ | INFO | ONLINE TRADER
| MainThread | 2023-02-10 10:17:46,739 | __main__ | INFO | SYSTEM STARTS
| MainThread | 2023-02-10 10:18:03,893 | __main__ | INFO | Added trailing of 30.0
| MainThread | 2023-02-10 10:18:05,456 | __main__ | INFO | 
******
BUY
******
BUY PRICE: 0.6947 | SL: 0.69173
| MainThread | 2023-02-10 10:18:05,508 | __main__ | INFO | Random entry
| MainThread | 2023-02-10 10:18:05,587 | __main__ | INFO | 
Crossover: False/False
Hist. Profits: [0]
Max risks: 0
| MainThread | 2023-02-10 10:18:59,402 | __main__ | INFO | random exception
| MainThread | 2023-02-10 10:18:59,439 | __main__ | INFO | Exception in main loop | 
| MainThread | 2023-02-10 10:19:02,243 | __main__ | INFO | ONLINE TRADER
| MainThread | 2023-02-10 10:19:48,506 | __main__ | INFO | SYSTEM STARTS
| MainThread | 2023-02-10 10:20:00,318 | __main__ | INFO | Added trailing of 26.0
| MainThread | 2023-02-10 10:20:01,900 | __main__ | INFO | 
******
BUY
******
BUY PRICE: 0.69424 | SL: 0.69173
| MainThread | 2023-02-10 10:20:02,044 | __main__ | INFO | Random entry
| MainThread | 2023-02-10 10:20:02,139 | __main__ | INFO | 
Crossover: False/False
Hist. Profits: [0]
Max risks: [2.9000000000000004]
| MainThread | 2023-02-10 10:20:40,570 | __main__ | INFO | ONLINE TRADER
| MainThread | 2023-02-10 10:21:00,912 | __main__ | INFO | random exception
| MainThread | 2023-02-10 10:21:00,960 | __main__ | INFO | Exception in main loop | 
| MainThread | 2023-02-10 10:21:03,863 | __main__ | INFO | ONLINE TRADER
| MainThread | 2023-02-10 10:21:25,572 | __main__ | INFO | SYSTEM STARTS
| MainThread | 2023-02-10 10:21:48,865 | __main__ | INFO | SYSTEM STARTS
| MainThread | 2023-02-10 10:21:58,437 | __main__ | INFO | 
Crossover: False/False
Hist. Profits: [0]
Max risks: 0
| MainThread | 2023-02-10 10:22:00,848 | __main__ | INFO | Added trailing of 24.0
| MainThread | 2023-02-10 10:22:02,821 | __main__ | INFO | 
******
BUY
******
BUY PRICE: 0.69441 | SL: 0.69187
| MainThread | 2023-02-10 10:22:03,152 | __main__ | INFO | Random entry
| MainThread | 2023-02-10 10:22:03,199 | __main__ | INFO | 
Crossover: False/False
Hist. Profits: [0]
Max risks: 0
| MainThread | 2023-02-10 10:23:02,804 | __main__ | INFO | Added trailing of 26.0
| MainThread | 2023-02-10 10:23:05,148 | __main__ | INFO | 
******
BUY
******
BUY PRICE: 0.69438 | SL: 0.69173
| MainThread | 2023-02-10 10:23:05,291 | __main__ | INFO | Random entry
| MainThread | 2023-02-10 10:23:05,355 | __main__ | INFO | 
Crossover: False/False
Hist. Profits: [0]
Max risks: 0
| MainThread | 2023-02-10 10:23:08,242 | __main__ | INFO | 
Crossover: False/False
Hist. Profits: [0]
Max risks: [2.4000000000000004]
| MainThread | 2023-02-10 10:23:59,335 | __main__ | INFO | Added trailing of 27.0
| MainThread | 2023-02-10 10:24:00,901 | __main__ | INFO | 
******
BUY
******
BUY PRICE: 0.69445 | SL: 0.69173
| MainThread | 2023-02-10 10:24:00,993 | __main__ | INFO | Random entry
| MainThread | 2023-02-10 10:24:01,103 | __main__ | INFO | 
Crossover: False/False
Hist. Profits: [0]
Max risks: 0
| MainThread | 2023-02-10 10:24:09,531 | __main__ | INFO | 
Crossover: False/False
Hist. Profits: [0]
Max risks: [2.7]
| MainThread | 2023-02-10 10:26:12,423 | __main__ | INFO | ONLINE TRADER
| MainThread | 2023-02-10 10:26:57,415 | __main__ | INFO | SYSTEM STARTS
| MainThread | 2023-02-10 10:27:03,724 | __main__ | INFO | 
Crossover: False/False
Hist. Profits: [0]
Max risks: 0
| MainThread | 2023-02-10 10:28:02,451 | __main__ | INFO | 
Crossover: False/False
Hist. Profits: [0]
Max risks: 0
| MainThread | 2023-02-10 10:29:01,380 | __main__ | INFO | 
Crossover: False/False
Hist. Profits: [0]
Max risks: 0
| MainThread | 2023-02-10 10:30:00,298 | __main__ | INFO | 
Crossover: False/False
Hist. Profits: [0]
Max risks: 0
| MainThread | 2023-02-10 10:30:59,103 | __main__ | INFO | 
Crossover: False/False
Hist. Profits: [0]
Max risks: 0
| MainThread | 2023-02-10 10:32:03,694 | __main__ | INFO | 
Crossover: False/False
Hist. Profits: [0]
Max risks: 0
| MainThread | 2023-02-10 10:33:02,557 | __main__ | INFO | 
Crossover: False/False
Hist. Profits: [0]
Max risks: 0
| MainThread | 2023-02-10 10:34:01,516 | __main__ | INFO | 
Crossover: False/False
Hist. Profits: [0]
Max risks: 0
| MainThread | 2023-02-10 10:35:01,118 | __main__ | INFO | 
Crossover: False/False
Hist. Profits: [0]
Max risks: 0
| MainThread | 2023-02-10 10:36:00,428 | __main__ | INFO | 
Crossover: False/False
Hist. Profits: [0]
Max risks: 0
| MainThread | 2023-02-10 10:36:59,359 | __main__ | INFO | 
Crossover: False/False
Hist. Profits: [0]
Max risks: 0
| MainThread | 2023-02-10 10:38:03,845 | __main__ | INFO | 
Crossover: False/False
Hist. Profits: [0]
Max risks: 0
| MainThread | 2023-02-10 10:39:02,694 | __main__ | INFO | 
Crossover: False/False
Hist. Profits: [0]
Max risks: 0
| MainThread | 2023-02-10 10:40:01,530 | __main__ | INFO | 
Crossover: False/False
Hist. Profits: [0]
Max risks: 0
| MainThread | 2023-02-10 10:41:00,476 | __main__ | INFO | 
Crossover: False/False
Hist. Profits: [0]
Max risks: 0
| MainThread | 2023-02-10 10:42:04,866 | __main__ | INFO | 
Crossover: False/False
Hist. Profits: [0]
Max risks: 0
| MainThread | 2023-02-10 10:42:58,487 | __main__ | INFO | 
Crossover: False/False
Hist. Profits: [0]
Max risks: 0
| MainThread | 2023-02-10 10:44:02,787 | __main__ | INFO | 
Crossover: False/False
Hist. Profits: [0]
Max risks: 0
| MainThread | 2023-02-10 10:45:01,557 | __main__ | INFO | 
Crossover: False/False
Hist. Profits: [0]
Max risks: 0
| MainThread | 2023-02-10 10:46:00,511 | __main__ | INFO | 
Crossover: False/False
Hist. Profits: [0]
Max risks: 0
| MainThread | 2023-02-10 10:46:59,624 | __main__ | INFO | 
Crossover: False/False
Hist. Profits: [0]
Max risks: 0
| MainThread | 2023-02-10 10:47:58,616 | __main__ | INFO | 
Crossover: False/False
Hist. Profits: [0]
Max risks: 0
| MainThread | 2023-02-10 10:49:02,821 | __main__ | INFO | 
Crossover: False/False
Hist. Profits: [0]
Max risks: 0
| MainThread | 2023-02-10 10:50:01,837 | __main__ | INFO | 
Crossover: False/False
Hist. Profits: [0]
Max risks: 0
| MainThread | 2023-02-10 10:51:01,181 | __main__ | INFO | Added trailing of 18.0
| MainThread | 2023-02-10 10:51:02,858 | __main__ | INFO | 
******
SHORT
******
BUY PRICE: 0.6934 | SL: 0.69531
| MainThread | 2023-02-10 10:51:03,022 | __main__ | INFO | 
Crossover: False/True
Hist. Profits: [0]
Max risks: 0
| MainThread | 2023-02-10 10:52:02,775 | __main__ | INFO | 
Crossover: False/False
Hist. Profits: [0]
Max risks: [1.8]
| MainThread | 2023-02-10 10:53:01,754 | __main__ | INFO | 
Crossover: False/False
Hist. Profits: [0]
Max risks: [1.8]
| MainThread | 2023-02-10 10:54:01,060 | __main__ | INFO | 
Crossover: False/False
Hist. Profits: [0]
Max risks: [1.8]
| MainThread | 2023-02-10 10:55:00,244 | __main__ | INFO | 
Crossover: False/False
Hist. Profits: [0]
Max risks: [1.8]
| MainThread | 2023-02-10 10:55:59,198 | __main__ | INFO | 
Crossover: False/False
Hist. Profits: [0]
Max risks: [1.8]
| MainThread | 2023-02-10 10:56:58,395 | __main__ | INFO | 
Crossover: False/False
Hist. Profits: [0]
Max risks: [1.8]
| MainThread | 2023-02-10 10:58:03,242 | __main__ | INFO | 
Crossover: False/False
Hist. Profits: [0]
Max risks: [1.8]
| MainThread | 2023-02-10 10:59:03,170 | __main__ | INFO | 
Crossover: False/False
Hist. Profits: [0]
Max risks: [1.7000000000000002]
| MainThread | 2023-02-10 11:00:01,984 | __main__ | INFO | 
Crossover: False/False
Hist. Profits: [0]
Max risks: [1.7000000000000002]
| MainThread | 2023-02-10 11:01:01,482 | __main__ | INFO | 
Crossover: False/False
Hist. Profits: [0]
Max risks: [1.6]
| MainThread | 2023-02-10 11:02:01,413 | __main__ | INFO | 
Crossover: False/False
Hist. Profits: [0]
Max risks: [1.6]
| MainThread | 2023-02-10 11:03:00,445 | __main__ | INFO | 
Crossover: False/False
Hist. Profits: [0]
Max risks: [1.6]
| MainThread | 2023-02-10 11:03:59,371 | __main__ | INFO | 
Crossover: False/False
Hist. Profits: [0]
Max risks: [1.6]
| MainThread | 2023-02-10 11:04:58,515 | __main__ | INFO | 
Crossover: False/False
Hist. Profits: [0]
Max risks: [1.6]
| MainThread | 2023-02-10 11:05:58,726 | __main__ | INFO | 
Crossover: False/False
Hist. Profits: [0]
Max risks: [1.5]
| MainThread | 2023-02-10 11:07:02,970 | __main__ | INFO | 
Crossover: False/False
Hist. Profits: [0]
Max risks: [1.4000000000000001]
| MainThread | 2023-02-10 11:08:13,461 | __main__ | INFO | 
Crossover: False/False
Hist. Profits: [0]
Max risks: [1.2000000000000002]
| MainThread | 2023-02-10 11:09:02,214 | __main__ | INFO | 
Crossover: False/False
Hist. Profits: [0]
Max risks: [1.2000000000000002]
| MainThread | 2023-02-10 11:10:02,788 | __main__ | INFO | 
Crossover: False/False
Hist. Profits: [0]
Max risks: [0.9]
| MainThread | 2023-02-10 11:11:01,667 | __main__ | INFO | 
Crossover: False/False
Hist. Profits: [0]
Max risks: [0.8]
| MainThread | 2023-02-10 11:11:59,013 | __main__ | INFO | 
Crossover: False/False
Hist. Profits: [0]
Max risks: [0.6000000000000001]
| MainThread | 2023-02-10 11:12:57,967 | __main__ | INFO | 
Crossover: False/False
Hist. Profits: [0]
Max risks: [0.6000000000000001]
| MainThread | 2023-02-10 11:14:02,228 | __main__ | INFO | 
Crossover: False/False
Hist. Profits: [0]
Max risks: [0.6000000000000001]
| MainThread | 2023-02-10 11:15:01,387 | __main__ | INFO | 
Crossover: False/False
Hist. Profits: [0]
Max risks: [0.6000000000000001]
| MainThread | 2023-02-10 11:16:00,743 | __main__ | INFO | 
Crossover: False/False
Hist. Profits: [0]
Max risks: [0.6000000000000001]
| MainThread | 2023-02-10 11:17:00,023 | __main__ | INFO | 
Crossover: False/False
Hist. Profits: [0]
Max risks: [0.6000000000000001]
| MainThread | 2023-02-10 11:17:59,051 | __main__ | INFO | 
Crossover: False/False
Hist. Profits: [0]
Max risks: [0.6000000000000001]
| MainThread | 2023-02-10 11:18:58,521 | __main__ | INFO | 
Crossover: False/False
Hist. Profits: [0]
Max risks: [0.6000000000000001]
| MainThread | 2023-02-10 11:19:58,775 | __main__ | INFO | 
Crossover: False/False
Hist. Profits: [0]
Max risks: [0.5]
| MainThread | 2023-02-10 11:21:03,138 | __main__ | INFO | 
Crossover: False/False
Hist. Profits: [0]
Max risks: [0.5]
| MainThread | 2023-02-10 11:22:02,016 | __main__ | INFO | 
Crossover: False/False
Hist. Profits: [0]
Max risks: [0.5]
| MainThread | 2023-02-10 11:23:00,819 | __main__ | INFO | 
Crossover: False/False
Hist. Profits: [0]
Max risks: [0.5]
| MainThread | 2023-02-10 11:23:59,724 | __main__ | INFO | 
Crossover: False/False
Hist. Profits: [0]
Max risks: [0.5]
| MainThread | 2023-02-10 11:24:58,577 | __main__ | INFO | 
Crossover: False/False
Hist. Profits: [0]
Max risks: [0.5]
| MainThread | 2023-02-10 11:26:02,826 | __main__ | INFO | 
Crossover: False/False
Hist. Profits: [0]
Max risks: [0.5]
| MainThread | 2023-02-10 11:27:02,262 | __main__ | INFO | 
Crossover: False/False
Hist. Profits: [0]
Max risks: [0.5]
| MainThread | 2023-02-10 11:28:01,175 | __main__ | INFO | 
Crossover: False/False
Hist. Profits: [0]
Max risks: [0.5]
| MainThread | 2023-02-10 11:29:00,240 | __main__ | INFO | 
Crossover: False/False
Hist. Profits: [0]
Max risks: [0.5]
| MainThread | 2023-02-10 11:29:59,408 | __main__ | INFO | 
Crossover: False/False
Hist. Profits: [0]
Max risks: [0.5]
| MainThread | 2023-02-10 11:30:58,488 | __main__ | INFO | 
Crossover: False/False
Hist. Profits: [0]
Max risks: [0.5]
| MainThread | 2023-02-10 11:32:02,819 | __main__ | INFO | 
Crossover: False/False
Hist. Profits: [0]
Max risks: [0.5]
| MainThread | 2023-02-10 11:33:01,629 | __main__ | INFO | 
Crossover: False/False
Hist. Profits: [0]
Max risks: [0.5]
| MainThread | 2023-02-10 11:34:00,458 | __main__ | INFO | 
Crossover: False/False
Hist. Profits: [0]
Max risks: [0.5]
| MainThread | 2023-02-10 11:34:59,250 | __main__ | INFO | 
Crossover: False/False
Hist. Profits: [0]
Max risks: [0.5]
| MainThread | 2023-02-10 11:35:59,063 | __main__ | INFO | 
Crossover: False/False
Hist. Profits: [0]
Max risks: [0.5]
| MainThread | 2023-02-10 11:36:58,290 | __main__ | INFO | 
Crossover: False/False
Hist. Profits: [0]
Max risks: [0.5]
| MainThread | 2023-02-10 11:38:02,555 | __main__ | INFO | 
Crossover: False/False
Hist. Profits: [0]
Max risks: [0.5]
| MainThread | 2023-02-10 11:39:01,733 | __main__ | INFO | 
Crossover: False/False
Hist. Profits: [0]
Max risks: [0.5]
| MainThread | 2023-02-10 11:40:00,701 | __main__ | INFO | 
Crossover: False/False
Hist. Profits: [0]
Max risks: [0.5]
| MainThread | 2023-02-10 11:41:04,865 | __main__ | INFO | 
Crossover: False/False
Hist. Profits: [0]
Max risks: [0.5]
| MainThread | 2023-02-10 11:42:03,581 | __main__ | INFO | 
Crossover: False/False
Hist. Profits: [0]
Max risks: [0.5]
| MainThread | 2023-02-10 11:43:02,438 | __main__ | INFO | 
Crossover: False/False
Hist. Profits: [0]
Max risks: [0.5]
| MainThread | 2023-02-10 11:44:01,601 | __main__ | INFO | 
Crossover: False/False
Hist. Profits: [0]
Max risks: [0.5]
| MainThread | 2023-02-10 11:45:00,626 | __main__ | INFO | 
Crossover: False/False
Hist. Profits: [0]
Max risks: [0.5]
| MainThread | 2023-02-10 11:45:59,487 | __main__ | INFO | 
Crossover: False/False
Hist. Profits: [0]
Max risks: [0.5]
| MainThread | 2023-02-10 11:47:03,674 | __main__ | INFO | 
Crossover: False/False
Hist. Profits: [0]
Max risks: [0.5]
| MainThread | 2023-02-10 11:48:02,833 | __main__ | INFO | 
Crossover: False/False
Hist. Profits: [0]
Max risks: [0.5]
| MainThread | 2023-02-10 11:49:01,509 | __main__ | INFO | 
Crossover: False/False
Hist. Profits: [0]
Max risks: [0.5]
| MainThread | 2023-02-10 11:50:00,604 | __main__ | INFO | 
Crossover: False/False
Hist. Profits: [0]
Max risks: [0.5]
| MainThread | 2023-02-10 11:50:59,468 | __main__ | INFO | 
Crossover: False/False
Hist. Profits: [0]
Max risks: [0.5]
| MainThread | 2023-02-10 11:52:04,010 | __main__ | INFO | 
Crossover: False/False
Hist. Profits: [0]
Max risks: [0.5]
| MainThread | 2023-02-10 11:53:02,752 | __main__ | INFO | 
Crossover: False/False
Hist. Profits: [0]
Max risks: [0.5]
| MainThread | 2023-02-10 11:54:01,665 | __main__ | INFO | 
Crossover: False/False
Hist. Profits: [0]
Max risks: [0.5]
| MainThread | 2023-02-10 11:55:00,617 | __main__ | INFO | 
Crossover: False/False
Hist. Profits: [0]
Max risks: [0.5]
| MainThread | 2023-02-10 11:55:59,742 | __main__ | INFO | 
Crossover: False/False
Hist. Profits: [0]
Max risks: [0.5]
| MainThread | 2023-02-10 11:56:58,829 | __main__ | INFO | 
Crossover: False/False
Hist. Profits: [0]
Max risks: [0.5]
| MainThread | 2023-02-10 11:58:03,026 | __main__ | INFO | 
Crossover: False/False
Hist. Profits: [0]
Max risks: [0.5]
| MainThread | 2023-02-10 11:59:01,934 | __main__ | INFO | 
Crossover: False/False
Hist. Profits: [0]
Max risks: [0.5]
| MainThread | 2023-02-10 12:00:00,744 | __main__ | INFO | 
Crossover: False/False
Hist. Profits: [0]
Max risks: [0.5]
| MainThread | 2023-02-10 12:01:00,224 | __main__ | INFO | 
Crossover: False/False
Hist. Profits: [0]
Max risks: [0.5]
| MainThread | 2023-02-10 12:01:59,181 | __main__ | INFO | 
Crossover: False/False
Hist. Profits: [0]
Max risks: [0.5]
| MainThread | 2023-02-10 12:02:58,326 | __main__ | INFO | 
Crossover: False/False
Hist. Profits: [0]
Max risks: [0.5]
| MainThread | 2023-02-10 12:04:02,522 | __main__ | INFO | 
Crossover: False/False
Hist. Profits: [0]
Max risks: [0.5]
| MainThread | 2023-02-10 12:05:01,790 | __main__ | INFO | 
Crossover: False/False
Hist. Profits: [0]
Max risks: [0.5]
| MainThread | 2023-02-10 12:06:00,740 | __main__ | INFO | 
Crossover: False/False
Hist. Profits: [0]
Max risks: [0.5]
| MainThread | 2023-02-10 12:07:00,106 | __main__ | INFO | 
Crossover: False/False
Hist. Profits: [0]
Max risks: [0.5]
| MainThread | 2023-02-10 12:07:59,135 | __main__ | INFO | 
Crossover: False/False
Hist. Profits: [0]
Max risks: [0.5]
| MainThread | 2023-02-10 12:08:58,383 | __main__ | INFO | 
Crossover: False/False
Hist. Profits: [0]
Max risks: [0.5]
| MainThread | 2023-02-10 12:10:03,488 | __main__ | INFO | 
Crossover: False/False
Hist. Profits: [0]
Max risks: [0.5]
| MainThread | 2023-02-10 12:11:02,644 | __main__ | INFO | 
Crossover: False/False
Hist. Profits: [0]
Max risks: [0.5]
| MainThread | 2023-02-10 12:12:01,505 | __main__ | INFO | 
Crossover: False/False
Hist. Profits: [0]
Max risks: [0.5]
| MainThread | 2023-02-10 12:13:00,508 | __main__ | INFO | 
Crossover: False/False
Hist. Profits: [0]
Max risks: [0.5]
| MainThread | 2023-02-10 12:13:59,747 | __main__ | INFO | 
Crossover: False/False
Hist. Profits: [0]
Max risks: [0.5]
| MainThread | 2023-02-10 12:14:58,862 | __main__ | INFO | 
Crossover: False/False
Hist. Profits: [0]
Max risks: [0.5]
| MainThread | 2023-02-10 12:16:03,204 | __main__ | INFO | 
Crossover: False/False
Hist. Profits: [0]
Max risks: [0.5]
| MainThread | 2023-02-10 12:17:02,286 | __main__ | INFO | 
Crossover: False/False
Hist. Profits: [0]
Max risks: [0.5]
| MainThread | 2023-02-10 12:18:01,945 | __main__ | INFO | 
Crossover: False/False
Hist. Profits: [0]
Max risks: [0.5]
| MainThread | 2023-02-10 12:19:01,000 | __main__ | INFO | 
Crossover: False/False
Hist. Profits: [0]
Max risks: [0.5]
| MainThread | 2023-02-10 12:20:00,181 | __main__ | INFO | 
Crossover: False/False
Hist. Profits: [0]
Max risks: [0.5]
| MainThread | 2023-02-10 12:20:59,164 | __main__ | INFO | 
Crossover: False/False
Hist. Profits: [0]
Max risks: [0.5]
| MainThread | 2023-02-10 12:22:03,637 | __main__ | INFO | 
Crossover: False/False
Hist. Profits: [0]
Max risks: [0.5]
| MainThread | 2023-02-10 12:23:02,888 | __main__ | INFO | 
Crossover: False/False
Hist. Profits: [0]
Max risks: [0.5]
| MainThread | 2023-02-10 12:24:01,840 | __main__ | INFO | 
Crossover: False/False
Hist. Profits: [0]
Max risks: [0.5]
| MainThread | 2023-02-10 12:25:01,042 | __main__ | INFO | 
Crossover: False/False
Hist. Profits: [0]
Max risks: [0.5]
| MainThread | 2023-02-10 12:25:59,989 | __main__ | INFO | 
Crossover: False/False
Hist. Profits: [0]
Max risks: [0.5]
| MainThread | 2023-02-10 12:27:04,960 | __main__ | INFO | 
Crossover: False/False
Hist. Profits: [0]
Max risks: [0.5]
| MainThread | 2023-02-10 12:27:58,822 | __main__ | INFO | 
Crossover: False/False
Hist. Profits: [0]
Max risks: [0.5]
| MainThread | 2023-02-10 12:29:03,379 | __main__ | INFO | 
Crossover: False/False
Hist. Profits: [0]
Max risks: [0.5]
| MainThread | 2023-02-10 12:30:02,367 | __main__ | INFO | 
Crossover: False/False
Hist. Profits: [0]
Max risks: [0.5]
| MainThread | 2023-02-10 12:31:01,079 | __main__ | INFO | 
Crossover: False/False
Hist. Profits: [0]
Max risks: [0.5]
| MainThread | 2023-02-10 12:32:00,271 | __main__ | INFO | 
Crossover: False/False
Hist. Profits: [0]
Max risks: [0.5]
| MainThread | 2023-02-10 12:33:04,570 | __main__ | INFO | 
Crossover: False/False
Hist. Profits: [0]
Max risks: [0.5]
| MainThread | 2023-02-10 12:34:03,729 | __main__ | INFO | 
Crossover: False/False
Hist. Profits: [0]
Max risks: [0.5]
| MainThread | 2023-02-10 12:35:03,414 | __main__ | INFO | 
Crossover: False/False
Hist. Profits: [0]
Max risks: [0.5]
| MainThread | 2023-02-10 12:36:02,694 | __main__ | INFO | 
Crossover: False/False
Hist. Profits: [0]
Max risks: [0.5]
| MainThread | 2023-02-10 12:37:01,743 | __main__ | INFO | 
Crossover: False/False
Hist. Profits: [0]
Max risks: [0.5]
| MainThread | 2023-02-10 12:38:01,008 | __main__ | INFO | 
Crossover: False/False
Hist. Profits: [0]
Max risks: [0.5]
| MainThread | 2023-02-10 12:39:01,514 | __main__ | INFO | 
Crossover: False/False
Hist. Profits: [0]
Max risks: [0.4]
| MainThread | 2023-02-10 12:40:00,429 | __main__ | INFO | 
Crossover: False/False
Hist. Profits: [0]
Max risks: [0.4]
| MainThread | 2023-02-10 12:40:59,477 | __main__ | INFO | 
Crossover: False/False
Hist. Profits: [0]
Max risks: [0.4]
| MainThread | 2023-02-10 12:42:03,742 | __main__ | INFO | 
Crossover: False/False
Hist. Profits: [0]
Max risks: [0.4]
| MainThread | 2023-02-10 12:43:02,911 | __main__ | INFO | 
Crossover: False/False
Hist. Profits: [0]
Max risks: [0.4]
| MainThread | 2023-02-10 12:44:02,460 | __main__ | INFO | 
Crossover: False/False
Hist. Profits: [0]
Max risks: [0.4]
| MainThread | 2023-02-10 12:45:01,477 | __main__ | INFO | 
Crossover: False/False
Hist. Profits: [0]
Max risks: [0.4]
| MainThread | 2023-02-10 12:46:00,496 | __main__ | INFO | 
Crossover: False/False
Hist. Profits: [0]
Max risks: [0.4]
| MainThread | 2023-02-10 12:46:59,100 | __main__ | INFO | 
Crossover: False/False
Hist. Profits: [0]
Max risks: [0.4]
| MainThread | 2023-02-10 12:47:59,052 | __main__ | INFO | 
Crossover: False/False
Hist. Profits: [0]
Max risks: [0.4]
| MainThread | 2023-02-10 12:49:03,469 | __main__ | INFO | 
Crossover: False/False
Hist. Profits: [0]
Max risks: [0.30000000000000004]
| MainThread | 2023-02-10 12:50:02,423 | __main__ | INFO | 
Crossover: False/False
Hist. Profits: [0]
Max risks: [0.30000000000000004]
| MainThread | 2023-02-10 12:51:01,541 | __main__ | INFO | 
Crossover: False/False
Hist. Profits: [0]
Max risks: [0.30000000000000004]
| MainThread | 2023-02-10 12:52:00,474 | __main__ | INFO | 
Crossover: False/False
Hist. Profits: [0]
Max risks: [0.30000000000000004]
| MainThread | 2023-02-10 12:52:59,854 | __main__ | INFO | 
Crossover: False/False
Hist. Profits: [0]
Max risks: [0.30000000000000004]
| MainThread | 2023-02-10 12:53:58,886 | __main__ | INFO | 
Crossover: False/False
Hist. Profits: [0]
Max risks: [0.30000000000000004]
| MainThread | 2023-02-10 12:54:57,922 | __main__ | INFO | 
Crossover: False/False
Hist. Profits: [0]
Max risks: [0.30000000000000004]
| MainThread | 2023-02-10 12:56:02,112 | __main__ | INFO | 
Crossover: False/False
Hist. Profits: [0]
Max risks: [0.30000000000000004]
| MainThread | 2023-02-10 12:57:01,132 | __main__ | INFO | 
Crossover: False/False
Hist. Profits: [0]
Max risks: [0.30000000000000004]
| MainThread | 2023-02-10 12:58:00,242 | __main__ | INFO | 
Crossover: False/False
Hist. Profits: [0]
Max risks: [0.30000000000000004]
| MainThread | 2023-02-10 12:59:05,255 | __main__ | INFO | 
Crossover: False/False
Hist. Profits: [0]
Max risks: [0.30000000000000004]
| MainThread | 2023-02-10 12:59:59,334 | __main__ | INFO | 
Crossover: False/False
Hist. Profits: [0]
Max risks: [0.30000000000000004]
| MainThread | 2023-02-10 13:00:58,313 | __main__ | INFO | 
Crossover: False/False
Hist. Profits: [0]
Max risks: [0.30000000000000004]
| MainThread | 2023-02-10 13:02:02,960 | __main__ | INFO | 
Crossover: False/False
Hist. Profits: [0]
Max risks: [0.30000000000000004]
| MainThread | 2023-02-10 13:03:02,097 | __main__ | INFO | 
Crossover: False/False
Hist. Profits: [0]
Max risks: [0.30000000000000004]
| MainThread | 2023-02-10 13:04:01,526 | __main__ | INFO | 
Crossover: False/False
Hist. Profits: [0]
Max risks: [0.30000000000000004]
| MainThread | 2023-02-10 13:05:00,888 | __main__ | INFO | 
Crossover: False/False
Hist. Profits: [0]
Max risks: [0.30000000000000004]
| MainThread | 2023-02-10 13:06:05,521 | __main__ | INFO | 
Crossover: False/False
Hist. Profits: [0]
Max risks: [0.30000000000000004]
| MainThread | 2023-02-10 13:06:59,170 | __main__ | INFO | 
Crossover: False/False
Hist. Profits: [0]
Max risks: [0.30000000000000004]
| MainThread | 2023-02-10 13:08:03,589 | __main__ | INFO | 
Crossover: False/False
Hist. Profits: [0]
Max risks: [0.30000000000000004]
| MainThread | 2023-02-10 13:09:02,614 | __main__ | INFO | 
Crossover: False/False
Hist. Profits: [0]
Max risks: [0.30000000000000004]
| MainThread | 2023-02-10 13:10:02,443 | __main__ | INFO | 
Crossover: False/False
Hist. Profits: [0]
Max risks: [0.30000000000000004]
| MainThread | 2023-02-10 13:11:01,933 | __main__ | INFO | 
Crossover: False/False
Hist. Profits: [0]
Max risks: [0.30000000000000004]
| MainThread | 2023-02-10 13:12:01,115 | __main__ | INFO | 
Crossover: False/False
Hist. Profits: [0]
Max risks: [0.30000000000000004]
| MainThread | 2023-02-10 13:13:00,067 | __main__ | INFO | 
Crossover: False/False
Hist. Profits: [0]
Max risks: [0.30000000000000004]
| MainThread | 2023-02-10 13:13:59,034 | __main__ | INFO | 
Crossover: False/False
Hist. Profits: [0]
Max risks: [0.30000000000000004]
| MainThread | 2023-02-10 13:15:03,242 | __main__ | INFO | 
Crossover: False/False
Hist. Profits: [0]
Max risks: [0.30000000000000004]
| MainThread | 2023-02-10 13:16:02,093 | __main__ | INFO | 
Crossover: False/False
Hist. Profits: [0]
Max risks: [0.30000000000000004]
| MainThread | 2023-02-10 13:17:01,043 | __main__ | INFO | 
Crossover: False/False
Hist. Profits: [0]
Max risks: [0.30000000000000004]
| MainThread | 2023-02-10 13:18:00,088 | __main__ | INFO | 
Crossover: False/False
Hist. Profits: [0]
Max risks: [0.30000000000000004]
| MainThread | 2023-02-10 13:18:59,398 | __main__ | INFO | 
Crossover: False/False
Hist. Profits: [0]
Max risks: [0.30000000000000004]
| MainThread | 2023-02-10 13:20:03,602 | __main__ | INFO | 
Crossover: False/False
Hist. Profits: [0]
Max risks: [0.30000000000000004]
| MainThread | 2023-02-10 13:21:02,635 | __main__ | INFO | 
Crossover: False/False
Hist. Profits: [0]
Max risks: [0.30000000000000004]
| MainThread | 2023-02-10 13:22:01,736 | __main__ | INFO | 
Crossover: False/False
Hist. Profits: [0]
Max risks: [0.30000000000000004]
| MainThread | 2023-02-10 13:23:00,884 | __main__ | INFO | 
Crossover: False/False
Hist. Profits: [0]
Max risks: [0.30000000000000004]
| MainThread | 2023-02-10 13:23:59,814 | __main__ | INFO | 
Crossover: False/False
Hist. Profits: [0]
Max risks: [0.30000000000000004]
| MainThread | 2023-02-10 13:24:58,857 | __main__ | INFO | 
Crossover: False/False
Hist. Profits: [0]
Max risks: [0.30000000000000004]
| MainThread | 2023-02-10 13:26:03,133 | __main__ | INFO | 
Crossover: False/False
Hist. Profits: [0]
Max risks: [0.30000000000000004]
| MainThread | 2023-02-10 13:27:02,365 | __main__ | INFO | 
Crossover: False/False
Hist. Profits: [0]
Max risks: [0.30000000000000004]
| MainThread | 2023-02-10 13:28:01,653 | __main__ | INFO | 
Crossover: False/False
Hist. Profits: [0]
Max risks: [0.30000000000000004]
| MainThread | 2023-02-10 13:29:00,537 | __main__ | INFO | 
Crossover: False/False
Hist. Profits: [0]
Max risks: [0.30000000000000004]
| MainThread | 2023-02-10 13:29:59,472 | __main__ | INFO | 
Crossover: False/False
Hist. Profits: [0]
Max risks: [0.30000000000000004]
| MainThread | 2023-02-10 13:30:58,596 | __main__ | INFO | 
Crossover: False/False
Hist. Profits: [0]
Max risks: [0.30000000000000004]
| MainThread | 2023-02-10 13:31:57,535 | __main__ | INFO | 
Crossover: False/False
Hist. Profits: [0]
Max risks: [0.30000000000000004]
| MainThread | 2023-02-10 13:33:07,223 | __main__ | INFO | 
Crossover: False/False
Hist. Profits: [0]
Max risks: [0.30000000000000004]
| MainThread | 2023-02-10 13:34:00,765 | __main__ | INFO | 
Crossover: False/False
Hist. Profits: [0]
Max risks: [0.30000000000000004]
| MainThread | 2023-02-10 13:35:05,614 | __main__ | INFO | 
Crossover: False/False
Hist. Profits: [0]
Max risks: [0.30000000000000004]
| MainThread | 2023-02-10 13:35:59,292 | __main__ | INFO | 
Crossover: False/False
Hist. Profits: [0]
Max risks: [0.30000000000000004]
| MainThread | 2023-02-10 13:37:03,806 | __main__ | INFO | 
Crossover: False/False
Hist. Profits: [0]
Max risks: [0.30000000000000004]
| MainThread | 2023-02-10 13:37:57,631 | __main__ | INFO | 
Crossover: False/False
Hist. Profits: [0]
Max risks: [0.30000000000000004]
| MainThread | 2023-02-10 13:39:02,146 | __main__ | INFO | 
Crossover: False/False
Hist. Profits: [0]
Max risks: [0.30000000000000004]
| MainThread | 2023-02-10 13:40:01,336 | __main__ | INFO | 
Crossover: False/False
Hist. Profits: [0]
Max risks: [0.30000000000000004]
| MainThread | 2023-02-10 13:41:00,444 | __main__ | INFO | 
Crossover: False/False
Hist. Profits: [0]
Max risks: [0.30000000000000004]
| MainThread | 2023-02-10 13:41:59,978 | __main__ | INFO | 
Crossover: False/False
Hist. Profits: [0]
Max risks: [0.30000000000000004]
| MainThread | 2023-02-10 13:43:04,445 | __main__ | INFO | 
Crossover: False/False
Hist. Profits: [0]
Max risks: [0.30000000000000004]
| MainThread | 2023-02-10 13:44:03,908 | __main__ | INFO | 
Crossover: False/False
Hist. Profits: [0]
Max risks: [0.30000000000000004]
| MainThread | 2023-02-10 13:45:03,008 | __main__ | INFO | 
Crossover: False/False
Hist. Profits: [0]
Max risks: [0.30000000000000004]
| MainThread | 2023-02-10 13:46:02,099 | __main__ | INFO | 
Crossover: False/False
Hist. Profits: [0]
Max risks: [0.30000000000000004]
| MainThread | 2023-02-10 13:47:01,185 | __main__ | INFO | 
Crossover: False/False
Hist. Profits: [0]
Max risks: [0.30000000000000004]
| MainThread | 2023-02-10 13:48:00,535 | __main__ | INFO | 
Crossover: False/False
Hist. Profits: [0]
Max risks: [0.30000000000000004]
| MainThread | 2023-02-10 13:48:59,786 | __main__ | INFO | 
Crossover: False/False
Hist. Profits: [0]
Max risks: [0.30000000000000004]
| MainThread | 2023-02-10 13:50:04,004 | __main__ | INFO | 
Crossover: False/False
Hist. Profits: [0]
Max risks: [0.30000000000000004]
| MainThread | 2023-02-10 13:51:02,830 | __main__ | INFO | 
Crossover: False/False
Hist. Profits: [0]
Max risks: [0.30000000000000004]
| MainThread | 2023-02-10 13:52:01,845 | __main__ | INFO | 
Crossover: False/False
Hist. Profits: [0]
Max risks: [0.30000000000000004]
| MainThread | 2023-02-10 13:53:01,322 | __main__ | INFO | 
Crossover: False/False
Hist. Profits: [0]
Max risks: [0.30000000000000004]
| MainThread | 2023-02-10 13:54:00,401 | __main__ | INFO | 
Crossover: False/False
Hist. Profits: [0]
Max risks: [0.30000000000000004]
| MainThread | 2023-02-10 13:54:59,491 | __main__ | INFO | 
Crossover: False/False
Hist. Profits: [0]
Max risks: [0.30000000000000004]
| MainThread | 2023-02-10 13:55:58,761 | __main__ | INFO | 
Crossover: False/False
Hist. Profits: [0]
Max risks: [0.30000000000000004]
| MainThread | 2023-02-10 13:56:57,846 | __main__ | INFO | 
Crossover: False/False
Hist. Profits: [0]
Max risks: [0.30000000000000004]
| MainThread | 2023-02-10 13:58:02,400 | __main__ | INFO | 
Crossover: False/False
Hist. Profits: [0]
Max risks: [0.2]
| MainThread | 2023-02-10 13:59:01,509 | __main__ | INFO | 
Crossover: False/False
Hist. Profits: [0]
Max risks: [0.2]
| MainThread | 2023-02-10 14:00:00,427 | __main__ | INFO | 
Crossover: False/False
Hist. Profits: [0]
Max risks: [0.2]
| MainThread | 2023-02-10 14:00:59,534 | __main__ | INFO | 
Crossover: False/False
Hist. Profits: [0]
Max risks: [0.2]
| MainThread | 2023-02-10 14:01:59,177 | __main__ | INFO | 
Crossover: False/False
Hist. Profits: [0]
Max risks: [0.2]
| MainThread | 2023-02-10 14:02:57,980 | __main__ | INFO | 
Crossover: False/False
Hist. Profits: [0]
Max risks: [0.2]
| MainThread | 2023-02-10 14:04:02,285 | __main__ | INFO | 
Crossover: False/False
Hist. Profits: [0]
Max risks: [0.2]
| MainThread | 2023-02-10 14:05:01,708 | __main__ | INFO | 
Crossover: False/False
Hist. Profits: [0]
Max risks: [0.2]
| MainThread | 2023-02-10 14:06:00,971 | __main__ | INFO | 
Crossover: False/False
Hist. Profits: [0]
Max risks: [0.2]
| MainThread | 2023-02-10 14:06:59,969 | __main__ | INFO | 
Crossover: False/False
Hist. Profits: [0]
Max risks: [0.2]
| MainThread | 2023-02-10 14:07:58,955 | __main__ | INFO | 
Crossover: False/False
Hist. Profits: [0]
Max risks: [0.2]
| MainThread | 2023-02-10 14:08:58,084 | __main__ | INFO | 
Crossover: False/False
Hist. Profits: [0]
Max risks: [0.2]
| MainThread | 2023-02-10 14:10:02,651 | __main__ | INFO | 
Crossover: False/False
Hist. Profits: [0]
Max risks: [0.2]
| MainThread | 2023-02-10 14:11:01,822 | __main__ | INFO | 
Crossover: False/False
Hist. Profits: [0]
Max risks: [0.2]
| MainThread | 2023-02-10 14:12:00,930 | __main__ | INFO | 
Crossover: False/False
Hist. Profits: [0]
Max risks: [0.2]
| MainThread | 2023-02-10 14:13:00,142 | __main__ | INFO | 
Crossover: False/False
Hist. Profits: [0]
Max risks: [0.2]
| MainThread | 2023-02-10 14:13:59,268 | __main__ | INFO | 
Crossover: False/False
Hist. Profits: [0]
Max risks: [0.2]
| MainThread | 2023-02-10 14:14:58,354 | __main__ | INFO | 
Crossover: False/False
Hist. Profits: [0]
Max risks: [0.2]
| MainThread | 2023-02-10 14:16:02,389 | __main__ | INFO | 
Crossover: False/False
Hist. Profits: [0]
Max risks: [0.2]
| MainThread | 2023-02-10 14:17:01,352 | __main__ | INFO | 
******
SELL
******
| MainThread | 2023-02-10 14:17:03,977 | __main__ | INFO | Hist. Profits: [0, 0.22]
| MainThread | 2023-02-10 14:17:04,221 | __main__ | INFO | Added trailing of 15.0
| MainThread | 2023-02-10 14:17:05,649 | __main__ | INFO | 
******
BUY
******
BUY PRICE: 0.69319 | SL: 0.6917
| MainThread | 2023-02-10 14:17:05,854 | __main__ | INFO | 
Crossover: True/False
Hist. Profits: [0, 0.22]
Max risks: [0.2]
| MainThread | 2023-02-10 14:17:59,529 | __main__ | INFO | 
Crossover: False/False
Hist. Profits: [0, 0.22]
Max risks: [1.4000000000000001]
| MainThread | 2023-02-10 14:18:58,917 | __main__ | INFO | 
Crossover: False/False
Hist. Profits: [0, 0.22]
Max risks: [1.4000000000000001]
| MainThread | 2023-02-10 14:19:58,429 | __main__ | INFO | 
Crossover: False/False
Hist. Profits: [0, 0.22]
Max risks: [1.4000000000000001]
| MainThread | 2023-02-10 14:20:57,670 | __main__ | INFO | 
Crossover: False/False
Hist. Profits: [0, 0.22]
Max risks: [1.4000000000000001]
| MainThread | 2023-02-10 14:22:02,041 | __main__ | INFO | 
Crossover: False/False
Hist. Profits: [0, 0.22]
Max risks: [1.4000000000000001]
| MainThread | 2023-02-10 14:23:00,870 | __main__ | INFO | 
Crossover: False/False
Hist. Profits: [0, 0.22]
Max risks: [1.4000000000000001]
| MainThread | 2023-02-10 14:23:59,960 | __main__ | INFO | 
Crossover: False/False
Hist. Profits: [0, 0.22]
Max risks: [1.4000000000000001]
| MainThread | 2023-02-10 14:24:59,285 | __main__ | INFO | 
Crossover: False/False
Hist. Profits: [0, 0.22]
Max risks: [1.4000000000000001]
| MainThread | 2023-02-10 14:26:09,794 | __main__ | INFO | 
Crossover: False/False
Hist. Profits: [0, 0.22]
Max risks: [1.2000000000000002]
| MainThread | 2023-02-10 14:26:58,005 | __main__ | INFO | 
Crossover: False/False
Hist. Profits: [0, 0.22]
Max risks: [1.2000000000000002]
| MainThread | 2023-02-10 14:28:07,822 | __main__ | INFO | 
Crossover: False/False
Hist. Profits: [0, 0.22]
Max risks: [1.0]
| MainThread | 2023-02-10 14:29:01,541 | __main__ | INFO | 
Crossover: False/False
Hist. Profits: [0, 0.22]
Max risks: [1.0]
| MainThread | 2023-02-10 14:30:00,915 | __main__ | INFO | 
Crossover: False/False
Hist. Profits: [0, 0.22]
Max risks: [1.0]
| MainThread | 2023-02-10 14:31:10,753 | __main__ | INFO | 
Crossover: False/False
Hist. Profits: [0, 0.22]
Max risks: [0.9]
| MainThread | 2023-02-10 14:31:59,181 | __main__ | INFO | 
Crossover: False/False
Hist. Profits: [0, 0.22]
Max risks: [0.7000000000000001]
| MainThread | 2023-02-10 14:32:58,328 | __main__ | INFO | 
Crossover: False/False
Hist. Profits: [0, 0.22]
Max risks: [0.7000000000000001]
| MainThread | 2023-02-10 14:34:02,584 | __main__ | INFO | 
Crossover: False/False
Hist. Profits: [0, 0.22]
Max risks: [0.7000000000000001]
| MainThread | 2023-02-10 14:35:01,737 | __main__ | INFO | 
Crossover: False/False
Hist. Profits: [0, 0.22]
Max risks: [0.7000000000000001]
| MainThread | 2023-02-10 14:36:00,774 | __main__ | INFO | 
Crossover: False/False
Hist. Profits: [0, 0.22]
Max risks: [0.7000000000000001]
| MainThread | 2023-02-10 14:37:00,150 | __main__ | INFO | 
Crossover: False/False
Hist. Profits: [0, 0.22]
Max risks: [0.7000000000000001]
| MainThread | 2023-02-10 14:37:58,974 | __main__ | INFO | 
Crossover: False/False
Hist. Profits: [0, 0.22]
Max risks: [0.7000000000000001]
| MainThread | 2023-02-10 14:38:57,606 | __main__ | INFO | 
Crossover: False/False
Hist. Profits: [0, 0.22]
Max risks: [0.7000000000000001]
| MainThread | 2023-02-10 14:40:01,635 | __main__ | INFO | 
Crossover: False/False
Hist. Profits: [0, 0.22]
Max risks: [0.7000000000000001]
| MainThread | 2023-02-10 14:41:00,775 | __main__ | INFO | 
Crossover: False/False
Hist. Profits: [0, 0.22]
Max risks: [0.7000000000000001]
| MainThread | 2023-02-10 14:41:59,808 | __main__ | INFO | 
Crossover: False/False
Hist. Profits: [0, 0.22]
Max risks: [0.7000000000000001]
| MainThread | 2023-02-10 14:42:58,981 | __main__ | INFO | 
Crossover: False/False
Hist. Profits: [0, 0.22]
Max risks: [0.7000000000000001]
| MainThread | 2023-02-10 14:43:57,853 | __main__ | INFO | 
Crossover: False/False
Hist. Profits: [0, 0.22]
Max risks: [0.7000000000000001]
| MainThread | 2023-02-10 14:45:02,595 | __main__ | INFO | 
Crossover: False/False
Hist. Profits: [0, 0.22]
Max risks: [0.7000000000000001]
| MainThread | 2023-02-10 14:46:01,768 | __main__ | INFO | 
Crossover: False/False
Hist. Profits: [0, 0.22]
Max risks: [0.7000000000000001]
| MainThread | 2023-02-10 14:47:00,831 | __main__ | INFO | 
Crossover: False/False
Hist. Profits: [0, 0.22]
Max risks: [0.7000000000000001]
| MainThread | 2023-02-10 14:48:00,230 | __main__ | INFO | 
Crossover: False/False
Hist. Profits: [0, 0.22]
Max risks: [0.7000000000000001]
| MainThread | 2023-02-10 14:48:59,047 | __main__ | INFO | 
Crossover: False/False
Hist. Profits: [0, 0.22]
Max risks: [0.7000000000000001]
| MainThread | 2023-02-10 14:54:20,949 | __main__ | INFO | 
Crossover: False/False
Hist. Profits: [0, 0.22]
Max risks: [0.0]
| MainThread | 2023-02-10 14:56:03,438 | __main__ | INFO | 
Crossover: False/False
Hist. Profits: [0, 0.22]
Max risks: [0.0]
| MainThread | 2023-02-10 14:56:08,959 | __main__ | INFO | 
Crossover: False/False
Hist. Profits: [0, 0.22]
Max risks: [0.0]
| MainThread | 2023-02-10 14:56:14,709 | __main__ | INFO | 
Crossover: False/False
Hist. Profits: [0, 0.22]
Max risks: [0.0]
| MainThread | 2023-02-10 14:56:20,242 | __main__ | INFO | 
Crossover: False/False
Hist. Profits: [0, 0.22]
Max risks: [0.0]
| MainThread | 2023-02-10 14:56:25,818 | __main__ | INFO | 
Crossover: False/False
Hist. Profits: [0, 0.22]
Max risks: [0.0]
| MainThread | 2023-02-10 14:56:31,494 | __main__ | INFO | 
Crossover: False/False
Hist. Profits: [0, 0.22]
Max risks: [0.0]
| MainThread | 2023-02-10 14:56:58,714 | __main__ | INFO | 
Crossover: False/False
Hist. Profits: [0, 0.22]
Max risks: [0.0]
| MainThread | 2023-02-10 14:57:57,856 | __main__ | INFO | 
Crossover: False/False
Hist. Profits: [0, 0.22]
Max risks: [0.0]
| MainThread | 2023-02-10 14:59:02,312 | __main__ | INFO | 
Crossover: False/False
Hist. Profits: [0, 0.22]
Max risks: [0.0]
| MainThread | 2023-02-10 15:00:01,376 | __main__ | INFO | 
Crossover: False/False
Hist. Profits: [0, 0.22]
Max risks: [0.0]
| MainThread | 2023-02-10 15:01:00,682 | __main__ | INFO | 
Crossover: False/False
Hist. Profits: [0, 0.22]
Max risks: [0.0]
| MainThread | 2023-02-10 15:01:59,959 | __main__ | INFO | 
Crossover: False/False
Hist. Profits: [0, 0.22]
Max risks: [0.0]
| MainThread | 2023-02-10 15:02:58,982 | __main__ | INFO | 
Crossover: False/False
Hist. Profits: [0, 0.22]
Max risks: [0.0]
| MainThread | 2023-02-10 15:03:58,183 | __main__ | INFO | 
Crossover: False/False
Hist. Profits: [0, 0.22]
Max risks: [0.0]
| MainThread | 2023-02-10 15:04:57,633 | __main__ | INFO | 
Crossover: False/False
Hist. Profits: [0, 0.22]
Max risks: [0.0]
| MainThread | 2023-02-10 15:06:02,433 | __main__ | INFO | 
Crossover: False/False
Hist. Profits: [0, 0.22]
Max risks: [0.0]
| MainThread | 2023-02-10 15:07:01,539 | __main__ | INFO | 
Crossover: False/False
Hist. Profits: [0, 0.22]
Max risks: [0.0]
| MainThread | 2023-02-10 15:08:00,367 | __main__ | INFO | 
Crossover: False/False
Hist. Profits: [0, 0.22]
Max risks: [0.0]
| MainThread | 2023-02-10 15:08:59,322 | __main__ | INFO | 
Crossover: False/False
Hist. Profits: [0, 0.22]
Max risks: [0.0]
| MainThread | 2023-02-10 15:09:58,538 | __main__ | INFO | 
Crossover: False/False
Hist. Profits: [0, 0.22]
Max risks: [0.0]
| MainThread | 2023-02-10 15:11:02,711 | __main__ | INFO | 
Crossover: False/False
Hist. Profits: [0, 0.22]
Max risks: [0.0]
| MainThread | 2023-02-10 15:12:01,681 | __main__ | INFO | 
Crossover: False/False
Hist. Profits: [0, 0.22]
Max risks: [0.0]
| MainThread | 2023-02-10 15:13:00,731 | __main__ | INFO | 
Crossover: False/False
Hist. Profits: [0, 0.22]
Max risks: [0.0]
| MainThread | 2023-02-10 15:13:59,917 | __main__ | INFO | 
Crossover: False/False
Hist. Profits: [0, 0.22]
Max risks: [0.0]
| MainThread | 2023-02-10 15:14:59,176 | __main__ | INFO | 
Crossover: False/False
Hist. Profits: [0, 0.22]
Max risks: [0.0]
| MainThread | 2023-02-10 15:15:58,378 | __main__ | INFO | 
Crossover: False/False
Hist. Profits: [0, 0.22]
Max risks: [0.0]
| MainThread | 2023-02-10 15:17:02,790 | __main__ | INFO | 
Crossover: False/False
Hist. Profits: [0, 0.22]
Max risks: [0.0]
| MainThread | 2023-02-10 15:18:01,727 | __main__ | INFO | 
Crossover: False/False
Hist. Profits: [0, 0.22]
Max risks: [0.0]
| MainThread | 2023-02-10 15:19:01,590 | __main__ | INFO | 
Crossover: False/False
Hist. Profits: [0, 0.22]
Max risks: [0.0]
| MainThread | 2023-02-10 15:19:59,426 | __main__ | INFO | 
Crossover: False/False
Hist. Profits: [0, 0.22]
Max risks: [0.1]
| MainThread | 2023-02-10 15:20:58,211 | __main__ | INFO | 
Crossover: False/False
Hist. Profits: [0, 0.22]
Max risks: [0.1]
| MainThread | 2023-02-10 15:22:02,371 | __main__ | INFO | 
Crossover: False/False
Hist. Profits: [0, 0.22]
Max risks: [0.1]
| MainThread | 2023-02-10 15:23:01,864 | __main__ | INFO | 
Crossover: False/False
Hist. Profits: [0, 0.22]
Max risks: [0.1]
| MainThread | 2023-02-10 15:24:04,783 | __main__ | INFO | 
Crossover: False/False
Hist. Profits: [0, 0.22]
Max risks: [0.1]
| MainThread | 2023-02-10 15:25:02,473 | __main__ | INFO | 
Crossover: False/False
Hist. Profits: [0, 0.22]
Max risks: [0.1]
| MainThread | 2023-02-10 15:26:05,275 | __main__ | INFO | 
Crossover: False/False
Hist. Profits: [0, 0.22]
Max risks: [0.1]
| MainThread | 2023-02-10 15:27:02,070 | __main__ | INFO | 
Crossover: False/False
Hist. Profits: [0, 0.22]
Max risks: [0.1]
| MainThread | 2023-02-10 15:28:05,384 | __main__ | INFO | 
Crossover: False/False
Hist. Profits: [0, 0.22]
Max risks: [0.1]
| MainThread | 2023-02-10 15:29:02,511 | __main__ | INFO | 
Crossover: False/False
Hist. Profits: [0, 0.22]
Max risks: [0.1]
| MainThread | 2023-02-10 15:30:05,170 | __main__ | INFO | 
Crossover: False/False
Hist. Profits: [0, 0.22]
Max risks: [0.1]
| MainThread | 2023-02-10 15:31:03,482 | __main__ | INFO | 
Crossover: False/False
Hist. Profits: [0, 0.22]
Max risks: [0.1]
| MainThread | 2023-02-10 15:32:06,942 | __main__ | INFO | 
Crossover: False/False
Hist. Profits: [0, 0.22]
Max risks: [0.1]
| MainThread | 2023-02-10 15:33:04,323 | __main__ | INFO | 
Crossover: False/False
Hist. Profits: [0, 0.22]
Max risks: [0.1]
| MainThread | 2023-02-10 15:34:02,058 | __main__ | INFO | 
Crossover: False/False
Hist. Profits: [0, 0.22]
Max risks: [0.1]
| MainThread | 2023-02-10 15:35:04,991 | __main__ | INFO | 
Crossover: False/False
Hist. Profits: [0, 0.22]
Max risks: [0.1]
| MainThread | 2023-02-10 15:36:03,241 | __main__ | INFO | 
Crossover: False/False
Hist. Profits: [0, 0.22]
Max risks: [0.1]
| MainThread | 2023-02-10 15:37:05,833 | __main__ | INFO | 
Crossover: False/False
Hist. Profits: [0, 0.22]
Max risks: [0.1]
| MainThread | 2023-02-10 15:38:03,907 | __main__ | INFO | 
Crossover: False/False
Hist. Profits: [0, 0.22]
Max risks: [0.1]
| MainThread | 2023-02-10 15:39:06,753 | __main__ | INFO | 
Crossover: False/False
Hist. Profits: [0, 0.22]
Max risks: [0.1]
| MainThread | 2023-02-10 15:40:03,690 | __main__ | INFO | 
Crossover: False/False
Hist. Profits: [0, 0.22]
Max risks: [0.1]
| MainThread | 2023-02-10 15:41:06,573 | __main__ | INFO | 
Crossover: False/False
Hist. Profits: [0, 0.22]
Max risks: [0.1]
| MainThread | 2023-02-10 15:42:04,479 | __main__ | INFO | 
Crossover: False/False
Hist. Profits: [0, 0.22]
Max risks: [0.1]
| MainThread | 2023-02-10 15:43:01,655 | __main__ | INFO | 
Crossover: False/False
Hist. Profits: [0, 0.22]
Max risks: [0.1]
| MainThread | 2023-02-10 15:44:04,712 | __main__ | INFO | 
Crossover: False/False
Hist. Profits: [0, 0.22]
Max risks: [0.1]
| MainThread | 2023-02-10 15:45:07,450 | __main__ | INFO | 
Crossover: False/False
Hist. Profits: [0, 0.22]
Max risks: [0.1]
| MainThread | 2023-02-10 15:46:04,537 | __main__ | INFO | 
Crossover: False/False
Hist. Profits: [0, 0.22]
Max risks: [0.1]
| MainThread | 2023-02-10 15:47:08,085 | __main__ | INFO | 
Crossover: False/False
Hist. Profits: [0, 0.22]
Max risks: [0.1]
| MainThread | 2023-02-10 15:48:05,704 | __main__ | INFO | 
Crossover: False/False
Hist. Profits: [0, 0.22]
Max risks: [0.1]
| MainThread | 2023-02-10 15:49:04,557 | __main__ | INFO | 
Crossover: False/False
Hist. Profits: [0, 0.22]
Max risks: [0.1]
| MainThread | 2023-02-10 15:50:00,988 | __main__ | INFO | 
Crossover: False/False
Hist. Profits: [0, 0.22]
Max risks: [0.1]
| MainThread | 2023-02-10 15:51:04,202 | __main__ | INFO | 
Crossover: False/False
Hist. Profits: [0, 0.22]
Max risks: [0.1]
| MainThread | 2023-02-10 15:52:01,218 | __main__ | INFO | 
Crossover: False/False
Hist. Profits: [0, 0.22]
Max risks: [0.1]
| MainThread | 2023-02-10 15:53:08,872 | __main__ | INFO | 
Crossover: False/False
Hist. Profits: [0, 0.22]
Max risks: [0.1]
| MainThread | 2023-02-10 15:54:05,825 | __main__ | INFO | 
Crossover: False/False
Hist. Profits: [0, 0.22]
Max risks: [0.1]
| MainThread | 2023-02-10 15:55:09,018 | __main__ | INFO | 
Crossover: False/False
Hist. Profits: [0, 0.22]
Max risks: [0.1]
| MainThread | 2023-02-10 15:56:06,561 | __main__ | INFO | 
Crossover: False/False
Hist. Profits: [0, 0.22]
Max risks: [0.1]
| MainThread | 2023-02-10 15:57:09,432 | __main__ | INFO | 
Crossover: False/False
Hist. Profits: [0, 0.22]
Max risks: [0.1]
| MainThread | 2023-02-10 15:58:06,993 | __main__ | INFO | 
Crossover: False/False
Hist. Profits: [0, 0.22]
Max risks: [0.1]
| MainThread | 2023-02-10 15:59:05,188 | __main__ | INFO | 
Crossover: False/False
Hist. Profits: [0, 0.22]
Max risks: [0.1]
| MainThread | 2023-02-10 16:00:08,433 | __main__ | INFO | 
Crossover: False/False
Hist. Profits: [0, 0.22]
Max risks: [0.1]
| MainThread | 2023-02-10 16:01:06,121 | __main__ | INFO | 
Crossover: False/False
Hist. Profits: [0, 0.22]
Max risks: 0
| MainThread | 2023-02-10 16:02:08,908 | __main__ | INFO | 
Crossover: False/False
Hist. Profits: [0, 0.22]
Max risks: 0
| MainThread | 2023-02-10 16:03:06,146 | __main__ | INFO | 
Crossover: False/False
Hist. Profits: [0, 0.22]
Max risks: 0
| MainThread | 2023-02-10 16:04:10,162 | __main__ | INFO | Added trailing of 15.0
| MainThread | 2023-02-10 16:04:11,965 | __main__ | INFO | 
******
SHORT
******
BUY PRICE: 0.69249 | SL: 0.69411
| MainThread | 2023-02-10 16:04:12,025 | __main__ | INFO | 
Crossover: False/True
Hist. Profits: [0, 0.22]
Max risks: 0
| MainThread | 2023-02-10 16:05:10,554 | __main__ | INFO | 
Crossover: False/False
Hist. Profits: [0, 0.22]
Max risks: [1.5]
| MainThread | 2023-02-10 16:06:08,693 | __main__ | INFO | 
Crossover: False/False
Hist. Profits: [0, 0.22]
Max risks: [1.5]
| MainThread | 2023-02-10 16:07:06,527 | __main__ | INFO | 
Crossover: False/False
Hist. Profits: [0, 0.22]
Max risks: [1.5]
| MainThread | 2023-02-10 16:08:10,857 | __main__ | INFO | 
Crossover: False/False
Hist. Profits: [0, 0.22]
Max risks: [1.5]
| MainThread | 2023-02-10 16:09:08,171 | __main__ | INFO | 
Crossover: False/False
Hist. Profits: [0, 0.22]
Max risks: [1.5]
| MainThread | 2023-02-10 16:10:10,525 | __main__ | INFO | 
Crossover: False/False
Hist. Profits: [0, 0.22]
Max risks: [1.5]
| MainThread | 2023-02-10 16:11:10,515 | __main__ | INFO | Added trailing of 16.0
| MainThread | 2023-02-10 16:11:11,636 | __main__ | INFO | 
******
BUY
******
BUY PRICE: 0.69382 | SL: 0.69209
| MainThread | 2023-02-10 16:11:11,810 | __main__ | INFO | 
Crossover: True/False
Hist. Profits: [0, 0.22]
Max risks: [1.5]
| MainThread | 2023-02-10 16:14:41,892 | __main__ | INFO | 
Crossover: False/False
Hist. Profits: [0, 0.22]
Max risks: [0.8]
| MainThread | 2023-02-10 16:14:52,240 | __main__ | INFO | 
Crossover: False/False
Hist. Profits: [0, 0.22]
Max risks: [0.8]
| MainThread | 2023-02-10 16:15:02,618 | __main__ | INFO | 
Crossover: False/False
Hist. Profits: [0, 0.22]
Max risks: [0.8]
| MainThread | 2023-02-10 16:15:12,005 | __main__ | INFO | 
Crossover: False/False
Hist. Profits: [0, 0.22]
Max risks: [0.8]
| MainThread | 2023-02-10 16:16:09,700 | __main__ | INFO | 
Crossover: False/False
Hist. Profits: [0, 0.22]
Max risks: [0.8]
| MainThread | 2023-02-10 16:17:10,901 | __main__ | INFO | 
Crossover: False/False
Hist. Profits: [0, 0.22]
Max risks: [0.8]
| MainThread | 2023-02-10 16:18:09,181 | __main__ | INFO | 
Crossover: False/False
Hist. Profits: [0, 0.22]
Max risks: [0.5]
| MainThread | 2023-02-10 16:19:07,777 | __main__ | INFO | 
Crossover: False/False
Hist. Profits: [0, 0.22]
Max risks: [0.5]
| MainThread | 2023-02-10 16:20:11,855 | __main__ | INFO | 
Crossover: False/False
Hist. Profits: [0, 0.22]
Max risks: [0.5]
| MainThread | 2023-02-10 16:21:10,916 | __main__ | INFO | 
Crossover: False/False
Hist. Profits: [0, 0.22]
Max risks: [0.5]
| MainThread | 2023-02-10 16:22:09,337 | __main__ | INFO | 
Crossover: False/False
Hist. Profits: [0, 0.22]
Max risks: [0.5]
| MainThread | 2023-02-10 16:23:06,772 | __main__ | INFO | 
Crossover: False/False
Hist. Profits: [0, 0.22]
Max risks: [0.5]
| MainThread | 2023-02-10 16:24:10,901 | __main__ | INFO | 
Crossover: False/False
Hist. Profits: [0, 0.22]
Max risks: [0.5]
| MainThread | 2023-02-10 16:25:07,706 | __main__ | INFO | 
Crossover: False/False
Hist. Profits: [0, 0.22]
Max risks: [0.5]
| MainThread | 2023-02-10 16:26:05,375 | __main__ | INFO | 
Crossover: False/False
Hist. Profits: [0, 0.22]
Max risks: [0.5]
| MainThread | 2023-02-10 16:27:10,166 | __main__ | INFO | 
Crossover: False/False
Hist. Profits: [0, 0.22]
Max risks: [0.5]
| MainThread | 2023-02-10 16:28:08,506 | __main__ | INFO | 
Crossover: False/False
Hist. Profits: [0, 0.22]
Max risks: [0.5]
| MainThread | 2023-02-10 16:29:05,761 | __main__ | INFO | 
Crossover: False/False
Hist. Profits: [0, 0.22]
Max risks: 0
| MainThread | 2023-02-10 16:30:09,091 | __main__ | INFO | 
Crossover: False/False
Hist. Profits: [0, 0.22]
Max risks: 0
| MainThread | 2023-02-10 16:31:06,352 | __main__ | INFO | 
Crossover: False/False
Hist. Profits: [0, 0.22]
Max risks: 0
| MainThread | 2023-02-10 16:32:09,447 | __main__ | INFO | 
Crossover: False/False
Hist. Profits: [0, 0.22]
Max risks: 0
| MainThread | 2023-02-10 16:33:07,015 | __main__ | INFO | Added trailing of 15.0
| MainThread | 2023-02-10 16:33:07,367 | __main__ | INFO | Attempt to trade failed | sl 0.69486 -> 0.7018086
| MainThread | 2023-02-10 16:33:07,495 | __main__ | INFO | Attempt to buy failed | sl 0.70181
| MainThread | 2023-02-10 16:33:07,701 | __main__ | INFO | Added trailing of 85.0
| MainThread | 2023-02-10 16:33:11,063 | __main__ | INFO | 
******
SHORT
******
BUY PRICE: 0.69316 | SL: 0.70173
| MainThread | 2023-02-10 16:33:11,396 | __main__ | INFO | 
Crossover: False/True
Hist. Profits: [0, 0.22]
Max risks: 0
| MainThread | 2023-02-10 16:35:03,881 | __main__ | INFO | 
Crossover: False/False
Hist. Profits: [0, 0.22]
Max risks: [1.3, 8.3]
| MainThread | 2023-02-10 16:35:13,137 | __main__ | INFO | 
Crossover: False/False
Hist. Profits: [0, 0.22]
Max risks: [1.3, 8.3]
| MainThread | 2023-02-10 16:36:05,133 | __main__ | INFO | 
Crossover: False/False
Hist. Profits: [0, 0.22]
Max risks: [1.3, 8.3]
| MainThread | 2023-02-10 16:37:08,766 | __main__ | INFO | 
Crossover: False/False
Hist. Profits: [0, 0.22]
Max risks: [1.3, 8.3]
| MainThread | 2023-02-10 16:38:55,181 | __main__ | INFO | 
Crossover: False/False
Hist. Profits: [0, 0.22]
Max risks: [8.200000000000001, 1.2000000000000002]
| MainThread | 2023-02-10 16:39:11,533 | __main__ | INFO | 
Crossover: False/False
Hist. Profits: [0, 0.22]
Max risks: [8.200000000000001, 1.2000000000000002]
| MainThread | 2023-02-10 16:40:09,209 | __main__ | INFO | 
Crossover: False/False
Hist. Profits: [0, 0.22]
Max risks: [1.1, 8.1]
| MainThread | 2023-02-10 16:41:05,755 | __main__ | INFO | 
Crossover: False/False
Hist. Profits: [0, 0.22]
Max risks: [1.1, 8.1]
| MainThread | 2023-02-10 16:42:11,279 | __main__ | INFO | 
Crossover: False/False
Hist. Profits: [0, 0.22]
Max risks: [1.1, 8.1]
| MainThread | 2023-02-10 16:54:02,043 | __main__ | INFO | 
Crossover: False/False
Hist. Profits: [0, 0.22]
Max risks: [0.0, 0.1]
| MainThread | 2023-02-10 17:02:47,291 | __main__ | INFO | 
Crossover: False/False
Hist. Profits: [0, 0.22]
Max risks: [0.0, 0.1]
| MainThread | 2023-02-10 17:02:57,026 | __main__ | INFO | 
Crossover: False/False
Hist. Profits: [0, 0.22]
Max risks: [0.0, 0.1]
| MainThread | 2023-02-10 17:03:06,142 | __main__ | INFO | 
Crossover: False/False
Hist. Profits: [0, 0.22]
Max risks: [0.0, 0.1]
| MainThread | 2023-02-10 17:03:15,539 | __main__ | INFO | 
Crossover: False/False
Hist. Profits: [0, 0.22]
Max risks: [0.0, 0.1]
| MainThread | 2023-02-10 17:03:24,302 | __main__ | INFO | 
Crossover: False/False
Hist. Profits: [0, 0.22]
Max risks: [0.0, 0.1]
| MainThread | 2023-02-10 17:03:33,071 | __main__ | INFO | 
Crossover: False/False
Hist. Profits: [0, 0.22]
Max risks: [0.0, 0.1]
| MainThread | 2023-02-10 17:03:42,491 | __main__ | INFO | 
Crossover: False/False
Hist. Profits: [0, 0.22]
Max risks: [0.0, 0.1]
| MainThread | 2023-02-10 17:03:52,144 | __main__ | INFO | 
Crossover: False/False
Hist. Profits: [0, 0.22]
Max risks: [0.0, 0.1]
| MainThread | 2023-02-10 17:04:02,070 | __main__ | INFO | 
Crossover: False/False
Hist. Profits: [0, 0.22]
Max risks: [0.0, 0.1]
| MainThread | 2023-02-10 17:04:11,358 | __main__ | INFO | 
Crossover: False/False
Hist. Profits: [0, 0.22]
Max risks: [0.0, 0.1]
| MainThread | 2023-02-10 17:04:21,715 | __main__ | INFO | 
Crossover: False/False
Hist. Profits: [0, 0.22]
Max risks: [0.0, 0.1]
| MainThread | 2023-02-10 17:04:31,107 | __main__ | INFO | 
Crossover: False/False
Hist. Profits: [0, 0.22]
Max risks: [0.0, 0.1]
| MainThread | 2023-02-10 17:04:41,907 | __main__ | INFO | 
Crossover: False/False
Hist. Profits: [0, 0.22]
Max risks: [0.0, 0.1]
| MainThread | 2023-02-10 17:04:51,087 | __main__ | INFO | 
Crossover: False/False
Hist. Profits: [0, 0.22]
Max risks: [0.0, 0.1]
| MainThread | 2023-02-10 17:05:00,636 | __main__ | INFO | 
Crossover: False/False
Hist. Profits: [0, 0.22]
Max risks: [0.0, 0.1]
| MainThread | 2023-02-10 17:05:10,652 | __main__ | INFO | 
Crossover: False/False
Hist. Profits: [0, 0.22]
Max risks: [0.0, 0.1]
| MainThread | 2023-02-10 17:05:21,726 | __main__ | INFO | 
Crossover: False/False
Hist. Profits: [0, 0.22]
Max risks: [0.0, 0.1]
| MainThread | 2023-02-10 17:05:32,707 | __main__ | INFO | 
Crossover: False/False
Hist. Profits: [0, 0.22]
Max risks: [0.0, 0.1]
| MainThread | 2023-02-10 17:05:42,771 | __main__ | INFO | 
Crossover: False/False
Hist. Profits: [0, 0.22]
Max risks: [0.0, 0.1]
| MainThread | 2023-02-10 17:05:50,975 | __main__ | INFO | 
Crossover: False/False
Hist. Profits: [0, 0.22]
Max risks: [0.0, 0.1]
| MainThread | 2023-02-10 17:06:01,531 | __main__ | INFO | 
Crossover: False/False
Hist. Profits: [0, 0.22]
Max risks: [0.0, 0.1]
| MainThread | 2023-02-10 17:06:12,558 | __main__ | INFO | 
Crossover: False/False
Hist. Profits: [0, 0.22]
Max risks: [0.0, 0.1]
| MainThread | 2023-02-10 17:06:23,315 | __main__ | INFO | 
Crossover: False/False
Hist. Profits: [0, 0.22]
Max risks: [0.0, 0.1]
| MainThread | 2023-02-10 17:07:11,509 | __main__ | INFO | 
Crossover: False/False
Hist. Profits: [0, 0.22]
Max risks: [0.0, 0.1]
| MainThread | 2023-02-10 17:08:08,986 | __main__ | INFO | 
Crossover: False/False
Hist. Profits: [0, 0.22]
Max risks: [0.0, 0.1]
| MainThread | 2023-02-10 17:09:05,838 | __main__ | INFO | 
Crossover: False/False
Hist. Profits: [0, 0.22]
Max risks: [0.0, 0.1]
| MainThread | 2023-02-10 17:10:10,600 | __main__ | INFO | 
Crossover: False/False
Hist. Profits: [0, 0.22]
Max risks: [0.0, 0.1]
| MainThread | 2023-02-10 17:11:08,231 | __main__ | INFO | 
Crossover: False/False
Hist. Profits: [0, 0.22]
Max risks: [0.0, 0.1]
| MainThread | 2023-02-10 17:12:05,496 | __main__ | INFO | 
Crossover: False/False
Hist. Profits: [0, 0.22]
Max risks: [0.0, 0.1]
| MainThread | 2023-02-10 17:13:09,532 | __main__ | INFO | 
Crossover: False/False
Hist. Profits: [0, 0.22]
Max risks: [0.0, 0.1]
| MainThread | 2023-02-10 17:14:09,778 | __main__ | INFO | 
Crossover: False/False
Hist. Profits: [0, 0.22]
Max risks: [0.0, 0.1]
| MainThread | 2023-02-10 17:15:10,528 | __main__ | INFO | 
Crossover: False/False
Hist. Profits: [0, 0.22]
Max risks: [0.0, 0.1]
| MainThread | 2023-02-10 17:16:10,885 | __main__ | INFO | 
Crossover: False/False
Hist. Profits: [0, 0.22]
Max risks: [0.0, 0.1]
| MainThread | 2023-02-10 17:17:11,727 | __main__ | INFO | 
Crossover: False/False
Hist. Profits: [0, 0.22]
Max risks: [0.0, 0.1]
| MainThread | 2023-02-10 17:18:12,770 | __main__ | INFO | 
Crossover: False/False
Hist. Profits: [0, 0.22]
Max risks: [0.0, 0.1]
| MainThread | 2023-02-10 17:19:07,507 | __main__ | INFO | 
Crossover: False/False
Hist. Profits: [0, 0.22]
Max risks: [0.0, 0.1]
| MainThread | 2023-02-10 17:20:07,701 | __main__ | INFO | 
Crossover: False/False
Hist. Profits: [0, 0.22]
Max risks: [0.0, 0.1]
| MainThread | 2023-02-10 17:21:11,886 | __main__ | INFO | 
Crossover: False/False
Hist. Profits: [0, 0.22]
Max risks: [0.0, 0.1]
| MainThread | 2023-02-10 17:22:11,087 | __main__ | INFO | 
Crossover: False/False
Hist. Profits: [0, 0.22]
Max risks: [0.0, 0.1]
| MainThread | 2023-02-10 17:23:11,179 | __main__ | INFO | 
Crossover: False/False
Hist. Profits: [0, 0.22]
Max risks: [0.0, 0.1]
| MainThread | 2023-02-10 17:24:12,041 | __main__ | INFO | 
Crossover: False/False
Hist. Profits: [0, 0.22]
Max risks: [0.0, 0.1]
| MainThread | 2023-02-10 17:25:11,820 | __main__ | INFO | 
Crossover: False/False
Hist. Profits: [0, 0.22]
Max risks: [0.0, 0.1]
| MainThread | 2023-02-10 17:26:11,273 | __main__ | INFO | 
Crossover: False/False
Hist. Profits: [0, 0.22]
Max risks: [0.0, 0.1]
| MainThread | 2023-02-10 17:27:09,571 | __main__ | INFO | 
Crossover: False/False
Hist. Profits: [0, 0.22]
Max risks: [0.0, 0.1]
| MainThread | 2023-02-10 17:28:09,117 | __main__ | INFO | 
Crossover: False/False
Hist. Profits: [0, 0.22]
Max risks: [0.0, 0.1]
| MainThread | 2023-02-10 17:29:08,327 | __main__ | INFO | 
Crossover: False/False
Hist. Profits: [0, 0.22]
Max risks: [0.0, 0.1]
| MainThread | 2023-02-10 17:30:06,530 | __main__ | INFO | 
Crossover: False/False
Hist. Profits: [0, 0.22]
Max risks: [0.0, 0.1]
| MainThread | 2023-02-10 17:31:10,561 | __main__ | INFO | 
Crossover: False/False
Hist. Profits: [0, 0.22]
Max risks: [0.0, 0.1]
| MainThread | 2023-02-10 17:32:11,259 | __main__ | INFO | 
Crossover: False/False
Hist. Profits: [0, 0.22]
Max risks: [0.0, 0.1]
| MainThread | 2023-02-10 17:33:10,094 | __main__ | INFO | 
Crossover: False/False
Hist. Profits: [0, 0.22]
Max risks: [0.0, 0.1]
| MainThread | 2023-02-10 17:34:08,388 | __main__ | INFO | 
Crossover: False/False
Hist. Profits: [0, 0.22]
Max risks: [0.0, 0.1]
| MainThread | 2023-02-10 17:35:07,181 | __main__ | INFO | 
Crossover: False/False
Hist. Profits: [0, 0.22]
Max risks: [0.0, 0.1]
| MainThread | 2023-02-10 17:36:11,504 | __main__ | INFO | 
Crossover: False/False
Hist. Profits: [0, 0.22]
Max risks: [0.0, 0.1]
| MainThread | 2023-02-10 17:37:10,721 | __main__ | INFO | 
Crossover: False/False
Hist. Profits: [0, 0.22]
Max risks: [0.0, 0.1]
| MainThread | 2023-02-10 17:38:10,640 | __main__ | INFO | 
Crossover: False/False
Hist. Profits: [0, 0.22]
Max risks: [0.0, 0.1]
| MainThread | 2023-02-10 17:39:09,263 | __main__ | INFO | 
Crossover: False/False
Hist. Profits: [0, 0.22]
Max risks: [0.0, 0.1]
| MainThread | 2023-02-10 17:40:07,811 | __main__ | INFO | 
Crossover: False/False
Hist. Profits: [0, 0.22]
Max risks: [0.0, 0.1]
| MainThread | 2023-02-10 17:41:05,286 | __main__ | INFO | 
Crossover: False/False
Hist. Profits: [0, 0.22]
Max risks: [0.0, 0.1]
| MainThread | 2023-02-10 17:42:08,246 | __main__ | INFO | 
Crossover: False/False
Hist. Profits: [0, 0.22]
Max risks: [0.0, 0.1]
| MainThread | 2023-02-10 17:43:11,721 | __main__ | INFO | 
Crossover: False/False
Hist. Profits: [0, 0.22]
Max risks: [0.0, 0.1]
| MainThread | 2023-02-10 17:44:10,617 | __main__ | INFO | 
Crossover: False/False
Hist. Profits: [0, 0.22]
Max risks: [0.0, 0.1]
| MainThread | 2023-02-10 17:45:08,462 | __main__ | INFO | 
Crossover: False/False
Hist. Profits: [0, 0.22]
Max risks: [0.0, 0.1]
| MainThread | 2023-02-10 17:46:06,244 | __main__ | INFO | 
Crossover: False/False
Hist. Profits: [0, 0.22]
Max risks: [0.0, 0.1]
| MainThread | 2023-02-10 17:47:09,569 | __main__ | INFO | 
Crossover: False/False
Hist. Profits: [0, 0.22]
Max risks: [0.0, 0.1]
| MainThread | 2023-02-10 17:48:08,156 | __main__ | INFO | 
Crossover: False/False
Hist. Profits: [0, 0.22]
Max risks: [0.0, 0.1]
| MainThread | 2023-02-10 17:49:12,126 | __main__ | INFO | 
Crossover: False/False
Hist. Profits: [0, 0.22]
Max risks: [0.0, 0.1]
| MainThread | 2023-02-10 17:50:10,225 | __main__ | INFO | 
Crossover: False/False
Hist. Profits: [0, 0.22]
Max risks: [0.0, 0.1]
| MainThread | 2023-02-10 17:51:07,305 | __main__ | INFO | 
Crossover: False/False
Hist. Profits: [0, 0.22]
Max risks: [0.0, 0.1]
| MainThread | 2023-02-10 17:52:10,494 | __main__ | INFO | 
Crossover: False/False
Hist. Profits: [0, 0.22]
Max risks: [0.0, 0.1]
| MainThread | 2023-02-10 17:53:09,595 | __main__ | INFO | 
Crossover: False/False
Hist. Profits: [0, 0.22]
Max risks: [0.0, 0.1]
| MainThread | 2023-02-10 17:54:13,010 | __main__ | INFO | 
Crossover: False/False
Hist. Profits: [0, 0.22]
Max risks: [0.0, 0.1]
| MainThread | 2023-02-10 17:55:05,942 | __main__ | INFO | 
Crossover: False/False
Hist. Profits: [0, 0.22]
Max risks: [0.0, 0.0]
| MainThread | 2023-02-10 17:56:09,398 | __main__ | INFO | 
Crossover: False/False
Hist. Profits: [0, 0.22]
Max risks: [0.0, 0.0]
| MainThread | 2023-02-10 17:57:07,805 | __main__ | INFO | 
Crossover: False/False
Hist. Profits: [0, 0.22]
Max risks: [0.0, 0.0]
| MainThread | 2023-02-10 17:58:11,646 | __main__ | INFO | 
Crossover: False/False
Hist. Profits: [0, 0.22]
Max risks: [0.0, 0.0]
| MainThread | 2023-02-10 17:59:09,861 | __main__ | INFO | 
Crossover: False/False
Hist. Profits: [0, 0.22]
Max risks: [0.0, 0.0]
| MainThread | 2023-02-10 18:00:08,334 | __main__ | INFO | 
Crossover: False/False
Hist. Profits: [0, 0.22]
Max risks: [0.0, 0.0]
| MainThread | 2023-02-10 18:01:06,336 | __main__ | INFO | 
Crossover: False/False
Hist. Profits: [0, 0.22]
Max risks: [0.0, 0.0]
| MainThread | 2023-02-10 18:02:10,181 | __main__ | INFO | 
Crossover: False/False
Hist. Profits: [0, 0.22]
Max risks: [0.0, 0.0]
| MainThread | 2023-02-10 18:03:08,535 | __main__ | INFO | 
Crossover: False/False
Hist. Profits: [0, 0.22]
Max risks: [0.0, 0.0]
| MainThread | 2023-02-10 18:04:07,525 | __main__ | INFO | 
Crossover: False/False
Hist. Profits: [0, 0.22]
Max risks: [0.0, 0.0]
| MainThread | 2023-02-10 18:16:02,702 | __main__ | INFO | 
Crossover: False/False
Hist. Profits: [0, 0.22]
Max risks: [0.6000000000000001, 0.7000000000000001]
| MainThread | 2023-02-10 18:25:30,418 | __main__ | INFO | 
Crossover: False/False
Hist. Profits: [0, 0.22]
Max risks: [0.6000000000000001, 0.7000000000000001]
| MainThread | 2023-02-10 18:28:47,627 | __main__ | INFO | 
Crossover: False/False
Hist. Profits: [0, 0.22]
Max risks: [0.6000000000000001, 0.7000000000000001]
| MainThread | 2023-02-10 18:28:58,128 | __main__ | INFO | 
Crossover: False/False
Hist. Profits: [0, 0.22]
Max risks: [0.6000000000000001, 0.7000000000000001]
| MainThread | 2023-02-10 18:29:09,046 | __main__ | INFO | 
Crossover: False/False
Hist. Profits: [0, 0.22]
Max risks: [0.6000000000000001, 0.7000000000000001]
| MainThread | 2023-02-10 18:29:19,312 | __main__ | INFO | 
Crossover: False/False
Hist. Profits: [0, 0.22]
Max risks: [0.6000000000000001, 0.7000000000000001]
| MainThread | 2023-02-10 18:29:29,557 | __main__ | INFO | 
Crossover: False/False
Hist. Profits: [0, 0.22]
Max risks: [0.6000000000000001, 0.7000000000000001]
| MainThread | 2023-02-10 18:29:40,163 | __main__ | INFO | 
Crossover: False/False
Hist. Profits: [0, 0.22]
Max risks: [0.6000000000000001, 0.7000000000000001]
| MainThread | 2023-02-10 18:29:50,311 | __main__ | INFO | 
Crossover: False/False
Hist. Profits: [0, 0.22]
Max risks: [0.6000000000000001, 0.7000000000000001]
| MainThread | 2023-02-10 18:30:00,982 | __main__ | INFO | 
Crossover: False/False
Hist. Profits: [0, 0.22]
Max risks: [0.6000000000000001, 0.7000000000000001]
| MainThread | 2023-02-10 18:30:11,210 | __main__ | INFO | 
Crossover: False/False
Hist. Profits: [0, 0.22]
Max risks: [0.6000000000000001, 0.7000000000000001]
| MainThread | 2023-02-10 18:30:21,040 | __main__ | INFO | 
Crossover: False/False
Hist. Profits: [0, 0.22]
Max risks: [0.6000000000000001, 0.7000000000000001]
| MainThread | 2023-02-10 18:30:30,893 | __main__ | INFO | 
Crossover: False/False
Hist. Profits: [0, 0.22]
Max risks: [0.6000000000000001, 0.7000000000000001]
| MainThread | 2023-02-10 18:30:40,856 | __main__ | INFO | 
Crossover: False/False
Hist. Profits: [0, 0.22]
Max risks: [0.6000000000000001, 0.7000000000000001]
| MainThread | 2023-02-10 18:30:50,291 | __main__ | INFO | 
Crossover: False/False
Hist. Profits: [0, 0.22]
Max risks: [0.6000000000000001, 0.7000000000000001]
| MainThread | 2023-02-10 18:30:59,569 | __main__ | INFO | 
Crossover: False/False
Hist. Profits: [0, 0.22]
Max risks: [0.6000000000000001, 0.7000000000000001]
| MainThread | 2023-02-10 18:31:10,341 | __main__ | INFO | 
Crossover: False/False
Hist. Profits: [0, 0.22]
Max risks: [0.6000000000000001, 0.7000000000000001]
| MainThread | 2023-02-10 18:31:20,390 | __main__ | INFO | 
Crossover: False/False
Hist. Profits: [0, 0.22]
Max risks: [0.6000000000000001, 0.7000000000000001]
| MainThread | 2023-02-10 18:31:31,230 | __main__ | INFO | 
Crossover: False/False
Hist. Profits: [0, 0.22]
Max risks: [0.6000000000000001, 0.7000000000000001]
| MainThread | 2023-02-10 18:31:41,999 | __main__ | INFO | 
Crossover: False/False
Hist. Profits: [0, 0.22]
Max risks: [0.6000000000000001, 0.7000000000000001]
| MainThread | 2023-02-10 18:31:53,877 | __main__ | INFO | 
Crossover: False/False
Hist. Profits: [0, 0.22]
Max risks: [0.6000000000000001, 0.7000000000000001]
| MainThread | 2023-02-10 18:32:03,682 | __main__ | INFO | 
Crossover: False/False
Hist. Profits: [0, 0.22]
Max risks: [0.6000000000000001, 0.7000000000000001]
| MainThread | 2023-02-10 18:32:14,371 | __main__ | INFO | 
Crossover: False/False
Hist. Profits: [0, 0.22]
Max risks: [0.6000000000000001, 0.7000000000000001]
| MainThread | 2023-02-10 18:32:24,444 | __main__ | INFO | 
Crossover: False/False
Hist. Profits: [0, 0.22]
Max risks: [0.6000000000000001, 0.7000000000000001]
| MainThread | 2023-02-10 18:32:35,150 | __main__ | INFO | 
Crossover: False/False
Hist. Profits: [0, 0.22]
Max risks: [0.6000000000000001, 0.7000000000000001]
| MainThread | 2023-02-10 18:32:45,555 | __main__ | INFO | 
Crossover: False/False
Hist. Profits: [0, 0.22]
Max risks: [0.6000000000000001, 0.7000000000000001]
| MainThread | 2023-02-10 18:32:56,415 | __main__ | INFO | 
Crossover: False/False
Hist. Profits: [0, 0.22]
Max risks: [0.6000000000000001, 0.7000000000000001]
| MainThread | 2023-02-10 18:33:07,326 | __main__ | INFO | 
Crossover: False/False
Hist. Profits: [0, 0.22]
Max risks: [0.6000000000000001, 0.7000000000000001]
| MainThread | 2023-02-10 18:33:19,118 | __main__ | INFO | 
Crossover: False/False
Hist. Profits: [0, 0.22]
Max risks: [0.6000000000000001, 0.7000000000000001]
| MainThread | 2023-02-10 18:34:04,879 | __main__ | INFO | 
Crossover: False/False
Hist. Profits: [0, 0.22]
Max risks: [0.6000000000000001, 0.7000000000000001]
| MainThread | 2023-02-10 18:35:07,911 | __main__ | INFO | 
Crossover: False/False
Hist. Profits: [0, 0.22]
Max risks: [0.6000000000000001, 0.7000000000000001]
| MainThread | 2023-02-10 18:36:10,945 | __main__ | INFO | 
Crossover: False/False
Hist. Profits: [0, 0.22]
Max risks: [0.6000000000000001, 0.7000000000000001]
| MainThread | 2023-02-10 18:37:09,124 | __main__ | INFO | 
Crossover: False/False
Hist. Profits: [0, 0.22]
Max risks: [0.6000000000000001, 0.7000000000000001]
| MainThread | 2023-02-10 18:38:08,098 | __main__ | INFO | 
Crossover: False/False
Hist. Profits: [0, 0.22]
Max risks: [0.6000000000000001, 0.7000000000000001]
| MainThread | 2023-02-10 18:39:07,175 | __main__ | INFO | 
Crossover: False/False
Hist. Profits: [0, 0.22]
Max risks: [0.6000000000000001, 0.7000000000000001]
| MainThread | 2023-02-10 18:40:10,869 | __main__ | INFO | 
Crossover: False/False
Hist. Profits: [0, 0.22]
Max risks: [0.6000000000000001, 0.7000000000000001]
| MainThread | 2023-02-10 18:41:10,114 | __main__ | INFO | 
Crossover: False/False
Hist. Profits: [0, 0.22]
Max risks: [0.6000000000000001, 0.7000000000000001]
| MainThread | 2023-02-10 18:42:07,933 | __main__ | INFO | 
Crossover: False/False
Hist. Profits: [0, 0.22]
Max risks: [0.6000000000000001, 0.7000000000000001]
| MainThread | 2023-02-10 18:43:06,974 | __main__ | INFO | 
Crossover: False/False
Hist. Profits: [0, 0.22]
Max risks: [0.6000000000000001, 0.7000000000000001]
| MainThread | 2023-02-10 18:44:10,366 | __main__ | INFO | 
Crossover: False/False
Hist. Profits: [0, 0.22]
Max risks: [0.6000000000000001, 0.7000000000000001]
| MainThread | 2023-02-10 18:45:08,551 | __main__ | INFO | 
Crossover: False/False
Hist. Profits: [0, 0.22]
Max risks: [0.6000000000000001, 0.7000000000000001]
| MainThread | 2023-02-10 18:46:06,947 | __main__ | INFO | 
Crossover: False/False
Hist. Profits: [0, 0.22]
Max risks: [0.6000000000000001, 0.7000000000000001]
| MainThread | 2023-02-10 18:47:11,501 | __main__ | INFO | 
Crossover: False/False
Hist. Profits: [0, 0.22]
Max risks: [0.6000000000000001, 0.7000000000000001]
| MainThread | 2023-02-10 18:48:09,423 | __main__ | INFO | 
Crossover: False/False
Hist. Profits: [0, 0.22]
Max risks: [0.6000000000000001, 0.7000000000000001]
| MainThread | 2023-02-10 18:49:08,193 | __main__ | INFO | 
Crossover: False/False
Hist. Profits: [0, 0.22]
Max risks: [0.6000000000000001, 0.7000000000000001]
| MainThread | 2023-02-10 18:50:06,022 | __main__ | INFO | 
Crossover: False/False
Hist. Profits: [0, 0.22]
Max risks: [0.6000000000000001, 0.7000000000000001]
| MainThread | 2023-02-10 18:51:11,710 | __main__ | INFO | 
Crossover: False/False
Hist. Profits: [0, 0.22]
Max risks: [0.6000000000000001, 0.7000000000000001]
| MainThread | 2023-02-10 18:52:10,370 | __main__ | INFO | 
Crossover: False/False
Hist. Profits: [0, 0.22]
Max risks: [0.6000000000000001, 0.7000000000000001]
| MainThread | 2023-02-10 18:53:07,599 | __main__ | INFO | 
Crossover: False/False
Hist. Profits: [0, 0.22]
Max risks: [0.6000000000000001, 0.7000000000000001]
| MainThread | 2023-02-10 18:54:11,657 | __main__ | INFO | 
Crossover: False/False
Hist. Profits: [0, 0.22]
Max risks: [0.6000000000000001, 0.7000000000000001]
| MainThread | 2023-02-10 18:55:09,807 | __main__ | INFO | 
Crossover: False/False
Hist. Profits: [0, 0.22]
Max risks: [0.6000000000000001, 0.7000000000000001]
| MainThread | 2023-02-10 18:56:07,202 | __main__ | INFO | 
Crossover: False/False
Hist. Profits: [0, 0.22]
Max risks: [0.6000000000000001, 0.7000000000000001]
| MainThread | 2023-02-10 18:57:06,337 | __main__ | INFO | 
Crossover: False/False
Hist. Profits: [0, 0.22]
Max risks: [0.6000000000000001, 0.7000000000000001]
| MainThread | 2023-02-10 18:58:09,902 | __main__ | INFO | 
Crossover: False/False
Hist. Profits: [0, 0.22]
Max risks: [0.6000000000000001, 0.7000000000000001]
| MainThread | 2023-02-10 18:59:08,751 | __main__ | INFO | 
Crossover: False/False
Hist. Profits: [0, 0.22]
Max risks: [0.6000000000000001, 0.7000000000000001]
| MainThread | 2023-02-10 19:00:07,511 | __main__ | INFO | 
Crossover: False/False
Hist. Profits: [0, 0.22]
Max risks: [0.6000000000000001, 0.7000000000000001]
| MainThread | 2023-02-10 19:01:11,697 | __main__ | INFO | 
Crossover: False/False
Hist. Profits: [0, 0.22]
Max risks: [0.6000000000000001, 0.7000000000000001]
| MainThread | 2023-02-10 19:02:10,549 | __main__ | INFO | 
Crossover: False/False
Hist. Profits: [0, 0.22]
Max risks: [0.6000000000000001, 0.7000000000000001]
| MainThread | 2023-02-10 19:03:08,089 | __main__ | INFO | 
Crossover: False/False
Hist. Profits: [0, 0.22]
Max risks: [0.6000000000000001, 0.7000000000000001]
| MainThread | 2023-02-10 19:04:07,014 | __main__ | INFO | 
Crossover: False/False
Hist. Profits: [0, 0.22]
Max risks: [0.6000000000000001, 0.7000000000000001]
| MainThread | 2023-02-10 19:05:05,987 | __main__ | INFO | 
Crossover: False/False
Hist. Profits: [0, 0.22]
Max risks: [0.6000000000000001, 0.7000000000000001]
| MainThread | 2023-02-10 19:06:10,136 | __main__ | INFO | 
Crossover: False/False
Hist. Profits: [0, 0.22]
Max risks: [0.6000000000000001, 0.7000000000000001]
| MainThread | 2023-02-10 19:07:08,131 | __main__ | INFO | 
Crossover: False/False
Hist. Profits: [0, 0.22]
Max risks: [0.6000000000000001, 0.7000000000000001]
| MainThread | 2023-02-10 19:08:05,836 | __main__ | INFO | 
Crossover: False/False
Hist. Profits: [0, 0.22]
Max risks: [0.6000000000000001, 0.7000000000000001]
| MainThread | 2023-02-10 19:09:09,778 | __main__ | INFO | 
Crossover: False/False
Hist. Profits: [0, 0.22]
Max risks: [0.6000000000000001, 0.7000000000000001]
| MainThread | 2023-02-10 19:10:08,600 | __main__ | INFO | 
Crossover: False/False
Hist. Profits: [0, 0.22]
Max risks: [0.6000000000000001, 0.7000000000000001]
| MainThread | 2023-02-10 19:11:07,106 | __main__ | INFO | 
Crossover: False/False
Hist. Profits: [0, 0.22]
Max risks: [0.6000000000000001, 0.7000000000000001]
| MainThread | 2023-02-10 19:12:10,685 | __main__ | INFO | 
Crossover: False/False
Hist. Profits: [0, 0.22]
Max risks: [0.6000000000000001, 0.7000000000000001]
| MainThread | 2023-02-10 19:13:09,124 | __main__ | INFO | 
Crossover: False/False
Hist. Profits: [0, 0.22]
Max risks: [0.6000000000000001, 0.7000000000000001]
| MainThread | 2023-02-10 19:14:08,062 | __main__ | INFO | 
Crossover: False/False
Hist. Profits: [0, 0.22]
Max risks: [0.6000000000000001, 0.7000000000000001]
| MainThread | 2023-02-10 19:15:07,041 | __main__ | INFO | 
Crossover: False/False
Hist. Profits: [0, 0.22]
Max risks: [0.6000000000000001, 0.7000000000000001]
| MainThread | 2023-02-10 19:16:10,818 | __main__ | INFO | 
Crossover: False/False
Hist. Profits: [0, 0.22]
Max risks: [0.6000000000000001, 0.7000000000000001]
| MainThread | 2023-02-10 19:17:07,985 | __main__ | INFO | 
Crossover: False/False
Hist. Profits: [0, 0.22]
Max risks: [0.6000000000000001, 0.7000000000000001]
| MainThread | 2023-02-10 19:18:06,164 | __main__ | INFO | 
Crossover: False/False
Hist. Profits: [0, 0.22]
Max risks: [0.6000000000000001, 0.7000000000000001]
| MainThread | 2023-02-10 19:19:10,398 | __main__ | INFO | 
Crossover: False/False
Hist. Profits: [0, 0.22]
Max risks: [0.6000000000000001, 0.7000000000000001]
| MainThread | 2023-02-10 19:20:08,953 | __main__ | INFO | 
Crossover: False/False
Hist. Profits: [0, 0.22]
Max risks: [0.6000000000000001, 0.7000000000000001]
| MainThread | 2023-02-10 19:21:07,657 | __main__ | INFO | 
Crossover: False/False
Hist. Profits: [0, 0.22]
Max risks: [0.6000000000000001, 0.7000000000000001]
| MainThread | 2023-02-10 19:22:06,947 | __main__ | INFO | 
Crossover: False/False
Hist. Profits: [0, 0.22]
Max risks: [0.6000000000000001]
| MainThread | 2023-02-10 19:23:06,274 | __main__ | INFO | 
Crossover: False/False
Hist. Profits: [0, 0.22]
Max risks: [0.6000000000000001]
| MainThread | 2023-02-10 19:24:09,649 | __main__ | INFO | 
Crossover: False/False
Hist. Profits: [0, 0.22]
Max risks: [0.6000000000000001]
| MainThread | 2023-02-10 19:25:08,116 | __main__ | INFO | 
Crossover: False/False
Hist. Profits: [0, 0.22]
Max risks: [0.6000000000000001]
| MainThread | 2023-02-10 19:26:05,633 | __main__ | INFO | 
Crossover: False/False
Hist. Profits: [0, 0.22]
Max risks: [0.6000000000000001]
| MainThread | 2023-02-10 19:27:11,037 | __main__ | INFO | 
Crossover: False/False
Hist. Profits: [0, 0.22]
Max risks: [0.6000000000000001]
| MainThread | 2023-02-10 19:28:10,165 | __main__ | INFO | 
Crossover: False/False
Hist. Profits: [0, 0.22]
Max risks: [0.6000000000000001]
| MainThread | 2023-02-10 19:29:09,661 | __main__ | INFO | 
Crossover: False/False
Hist. Profits: [0, 0.22]
Max risks: [0.6000000000000001]
| MainThread | 2023-02-10 19:30:07,735 | __main__ | INFO | 
Crossover: False/False
Hist. Profits: [0, 0.22]
Max risks: [0.6000000000000001]
| MainThread | 2023-02-10 19:31:12,785 | __main__ | INFO | 
Crossover: False/False
Hist. Profits: [0, 0.22]
Max risks: [0.6000000000000001]
| MainThread | 2023-02-10 19:32:07,028 | __main__ | INFO | 
Crossover: False/False
Hist. Profits: [0, 0.22]
Max risks: [0.6000000000000001]
| MainThread | 2023-02-10 19:33:10,108 | __main__ | INFO | 
Crossover: False/False
Hist. Profits: [0, 0.22]
Max risks: [0.6000000000000001]
| MainThread | 2023-02-10 19:34:07,415 | __main__ | INFO | 
Crossover: False/False
Hist. Profits: [0, 0.22]
Max risks: [0.6000000000000001]
| MainThread | 2023-02-10 19:35:06,699 | __main__ | INFO | 
Crossover: False/False
Hist. Profits: [0, 0.22]
Max risks: [0.6000000000000001]
| MainThread | 2023-02-10 19:36:07,284 | __main__ | INFO | 
Crossover: False/False
Hist. Profits: [0, 0.22]
Max risks: [0.6000000000000001]
| MainThread | 2023-02-10 19:37:04,935 | __main__ | INFO | 
Crossover: False/False
Hist. Profits: [0, 0.22]
Max risks: [0.6000000000000001]
| MainThread | 2023-02-10 19:38:08,651 | __main__ | INFO | 
Crossover: False/False
Hist. Profits: [0, 0.22]
Max risks: [0.6000000000000001]
| MainThread | 2023-02-10 19:39:06,908 | __main__ | INFO | 
Crossover: False/False
Hist. Profits: [0, 0.22]
Max risks: [0.6000000000000001]
| MainThread | 2023-02-10 19:40:05,330 | __main__ | INFO | 
Crossover: False/False
Hist. Profits: [0, 0.22]
Max risks: [0.6000000000000001]
| MainThread | 2023-02-10 19:41:08,788 | __main__ | INFO | 
Crossover: False/False
Hist. Profits: [0, 0.22]
Max risks: [0.6000000000000001]
| MainThread | 2023-02-10 19:42:06,963 | __main__ | INFO | 
Crossover: False/False
Hist. Profits: [0, 0.22]
Max risks: [0.6000000000000001]
| MainThread | 2023-02-10 19:43:07,299 | __main__ | INFO | 
Crossover: False/False
Hist. Profits: [0, 0.22]
Max risks: [0.6000000000000001]
| MainThread | 2023-02-10 19:44:05,603 | __main__ | INFO | 
Crossover: False/False
Hist. Profits: [0, 0.22]
Max risks: [0.6000000000000001]
| MainThread | 2023-02-10 19:45:09,402 | __main__ | INFO | 
Crossover: False/False
Hist. Profits: [0, 0.22]
Max risks: [0.6000000000000001]
| MainThread | 2023-02-10 19:46:08,069 | __main__ | INFO | 
Crossover: False/False
Hist. Profits: [0, 0.22]
Max risks: [0.6000000000000001]
| MainThread | 2023-02-10 19:47:04,172 | __main__ | INFO | 
Crossover: False/False
Hist. Profits: [0, 0.22]
Max risks: [0.6000000000000001]
| MainThread | 2023-02-10 19:48:09,216 | __main__ | INFO | 
Crossover: False/False
Hist. Profits: [0, 0.22]
Max risks: [0.6000000000000001]
| MainThread | 2023-02-10 19:49:07,747 | __main__ | INFO | 
Crossover: False/False
Hist. Profits: [0, 0.22]
Max risks: [0.6000000000000001]
| MainThread | 2023-02-10 19:50:11,597 | __main__ | INFO | 
Crossover: False/False
Hist. Profits: [0, 0.22]
Max risks: [0.6000000000000001]
| MainThread | 2023-02-10 19:51:09,355 | __main__ | INFO | 
Crossover: False/False
Hist. Profits: [0, 0.22]
Max risks: [0.6000000000000001]
| MainThread | 2023-02-10 19:52:06,839 | __main__ | INFO | 
Crossover: False/False
Hist. Profits: [0, 0.22]
Max risks: [0.6000000000000001]
| MainThread | 2023-02-10 19:53:09,818 | __main__ | INFO | 
Crossover: False/False
Hist. Profits: [0, 0.22]
Max risks: [0.6000000000000001]
| MainThread | 2023-02-10 19:54:08,087 | __main__ | INFO | 
Crossover: False/False
Hist. Profits: [0, 0.22]
Max risks: [0.6000000000000001]
| MainThread | 2023-02-10 19:55:07,660 | __main__ | INFO | 
Crossover: False/False
Hist. Profits: [0, 0.22]
Max risks: [0.6000000000000001]
| MainThread | 2023-02-10 19:56:13,477 | __main__ | INFO | 
Crossover: False/False
Hist. Profits: [0, 0.22]
Max risks: [0.6000000000000001]
| MainThread | 2023-02-10 19:57:07,040 | __main__ | INFO | 
Crossover: False/False
Hist. Profits: [0, 0.22]
Max risks: [0.6000000000000001]
| MainThread | 2023-02-10 19:58:12,843 | __main__ | INFO | 
Crossover: False/False
Hist. Profits: [0, 0.22]
Max risks: [0.6000000000000001]
| MainThread | 2023-02-10 19:59:13,979 | __main__ | INFO | 
Crossover: False/False
Hist. Profits: [0, 0.22]
Max risks: [0.6000000000000001]
| MainThread | 2023-02-10 20:00:09,616 | __main__ | INFO | 
Crossover: False/False
Hist. Profits: [0, 0.22]
Max risks: [0.6000000000000001]
| MainThread | 2023-02-10 20:01:08,632 | __main__ | INFO | 
Crossover: False/False
Hist. Profits: [0, 0.22]
Max risks: [0.6000000000000001]
| MainThread | 2023-02-10 20:02:08,330 | __main__ | INFO | 
Crossover: False/False
Hist. Profits: [0, 0.22]
Max risks: [0.6000000000000001]
| MainThread | 2023-02-10 20:03:09,643 | __main__ | INFO | 
Crossover: False/False
Hist. Profits: [0, 0.22]
Max risks: [0.6000000000000001]
| MainThread | 2023-02-10 20:04:09,992 | __main__ | INFO | 
Crossover: False/False
Hist. Profits: [0, 0.22]
Max risks: [0.6000000000000001]
| MainThread | 2023-02-10 20:05:11,088 | __main__ | INFO | 
Crossover: False/False
Hist. Profits: [0, 0.22]
Max risks: [1.1]
| MainThread | 2023-02-10 20:06:11,383 | __main__ | INFO | 
Crossover: False/False
Hist. Profits: [0, 0.22]
Max risks: [1.1]
| MainThread | 2023-02-10 20:07:11,489 | __main__ | INFO | 
Crossover: False/False
Hist. Profits: [0, 0.22]
Max risks: [1.1]
| MainThread | 2023-02-10 20:08:12,285 | __main__ | INFO | 
Crossover: False/False
Hist. Profits: [0, 0.22]
Max risks: [1.1]
| MainThread | 2023-02-10 20:09:12,745 | __main__ | INFO | 
Crossover: False/False
Hist. Profits: [0, 0.22]
Max risks: [1.1]
| MainThread | 2023-02-10 20:10:08,960 | __main__ | INFO | 
Crossover: False/False
Hist. Profits: [0, 0.22]
Max risks: [1.1]
| MainThread | 2023-02-10 20:11:09,838 | __main__ | INFO | 
Crossover: False/False
Hist. Profits: [0, 0.22]
Max risks: [1.1]
| MainThread | 2023-02-10 20:12:09,379 | __main__ | INFO | 
Crossover: False/False
Hist. Profits: [0, 0.22]
Max risks: [1.1]
| MainThread | 2023-02-10 20:13:09,517 | __main__ | INFO | 
Crossover: False/False
Hist. Profits: [0, 0.22]
Max risks: [1.1]
| MainThread | 2023-02-10 20:14:09,992 | __main__ | INFO | 
Crossover: False/False
Hist. Profits: [0, 0.22]
Max risks: [1.1]
| MainThread | 2023-02-10 20:15:08,470 | __main__ | INFO | 
Crossover: False/False
Hist. Profits: [0, 0.22]
Max risks: [1.1]
