| MainThread | 2023-02-23 06:51:34,712 | __main__ | INFO | Exception | create db_conn | ('08001', '[08001] [Microsoft][ODBC Driver 17 for SQL Server]Named Pipes Provider: Could not open a connection to SQL Server [2].  (2) (SQLDriverConnect); [08001] [Microsoft][ODBC Driver 17 for SQL Server]Login timeout expired (0); [08001] [Microsoft][ODBC Driver 17 for SQL Server]Invalid connection string attribute (0); [08001] [Microsoft][ODBC Driver 17 for SQL Server]A network-related or instance-specific error has occurred while establishing a connection to SQL Server. Server is not found or not accessible. Check if instance name is correct and if SQL Server is configured to allow remote connections. For more information see SQL Server Books Online. (2)')
| MainThread | 2023-02-23 06:52:35,953 | __main__ | INFO | Exception | create db_conn | ('08001', '[08001] [Microsoft][ODBC Driver 17 for SQL Server]Client unable to establish connection because an error was encountered during handshakes before login. Common causes include client attempting to connect to an unsupported version of SQL Server, server too busy to accept new connections or a resource limitation (memory or maximum allowed connections) on the server. (26) (SQLDriverConnect); [08001] [Microsoft][ODBC Driver 17 for SQL Server]TCP Provider: Se ha forzado la interrupción de una conexión existente por el host remoto.\r\n (10054); [08001] [Microsoft][ODBC Driver 17 for SQL Server]Client unable to establish connection (26); [08001] [Microsoft][ODBC Driver 17 for SQL Server]Invalid connection string attribute (0); [08001] [Microsoft][ODBC Driver 17 for SQL Server]Client unable to establish connection due to prelogin failure (10054)')
| MainThread | 2023-02-23 06:52:49,588 | __main__ | INFO | Trader exists id: 1026
| MainThread | 2023-02-23 06:52:49,590 | __main__ | INFO | OFFLINE TRADER
| MainThread | 2023-02-23 06:53:17,752 | __main__ | INFO | Trader exists id: 1026
| MainThread | 2023-02-23 06:53:17,753 | __main__ | INFO | OFFLINE TRADER
| MainThread | 2023-02-23 06:53:45,808 | __main__ | INFO | Trader exists id: 1026
| MainThread | 2023-02-23 06:53:45,809 | __main__ | INFO | OFFLINE TRADER
| MainThread | 2023-02-23 06:53:46,842 | __main__ | INFO | Login successfull
| MainThread | 2023-02-23 07:04:24,261 | __main__ | INFO | Trader exists id: 1026
| MainThread | 2023-02-23 07:04:24,262 | __main__ | INFO | OFFLINE TRADER
| MainThread | 2023-02-23 07:04:24,904 | __main__ | INFO | Login successfull
| MainThread | 2023-02-23 07:05:01,941 | __main__ | INFO | Trader exists id: 1026
| MainThread | 2023-02-23 07:05:01,942 | __main__ | INFO | OFFLINE TRADER
| MainThread | 2023-02-23 07:05:02,500 | __main__ | INFO | Login successfull
| MainThread | 2023-02-23 07:18:48,886 | __main__ | INFO | Trader exists id: 1026
| MainThread | 2023-02-23 07:18:48,887 | __main__ | INFO | OFFLINE TRADER
| MainThread | 2023-02-23 07:18:49,493 | __main__ | INFO | Login successfull
| MainThread | 2023-02-23 07:32:16,777 | __main__ | INFO | Inserting 2022-02-28 | 2022-03-30 ...
| MainThread | 2023-02-23 07:32:16,903 | __main__ | INFO | Inserting symbol: TGNA.US_9
| MainThread | 2023-02-23 07:45:46,046 | __main__ | INFO | Trader exists id: 1026
| MainThread | 2023-02-23 07:45:46,047 | __main__ | INFO | OFFLINE TRADER
| MainThread | 2023-02-23 07:45:46,720 | __main__ | INFO | Login successfull
| MainThread | 2023-02-23 07:48:35,652 | __main__ | INFO | Trader exists id: 1026
| MainThread | 2023-02-23 07:48:35,653 | __main__ | INFO | OFFLINE TRADER
| MainThread | 2023-02-23 07:48:36,289 | __main__ | INFO | Login successfull
| MainThread | 2023-02-23 07:49:00,521 | __main__ | INFO | Trader exists id: 1026
| MainThread | 2023-02-23 07:49:00,523 | __main__ | INFO | OFFLINE TRADER
| MainThread | 2023-02-23 07:49:01,025 | __main__ | INFO | Login successfull
| MainThread | 2023-02-23 07:49:53,588 | __main__ | INFO | Trader exists id: 1026
| MainThread | 2023-02-23 07:49:53,589 | __main__ | INFO | OFFLINE TRADER
| MainThread | 2023-02-23 07:49:54,214 | __main__ | INFO | Login successfull
| MainThread | 2023-02-23 08:04:13,851 | __main__ | INFO | Inserting 2022-02-28 | 2022-03-30 ...
| MainThread | 2023-02-23 08:06:07,026 | __main__ | ERROR | 
Login failed. Error code: SE199
| MainThread | 2023-02-23 08:10:15,542 | __main__ | INFO | Trader exists id: 1026
| MainThread | 2023-02-23 08:10:15,543 | __main__ | INFO | OFFLINE TRADER
| MainThread | 2023-02-23 08:10:16,226 | __main__ | INFO | Login successfull
| MainThread | 2023-02-23 08:10:16,543 | __main__ | INFO | Inserting 2022-02-28 | 2022-03-30 ...
| MainThread | 2023-02-23 08:11:12,021 | __main__ | INFO | Trader exists id: 1026
| MainThread | 2023-02-23 08:11:12,022 | __main__ | INFO | OFFLINE TRADER
| MainThread | 2023-02-23 08:11:12,611 | __main__ | INFO | Login successfull
| MainThread | 2023-02-23 08:11:13,102 | __main__ | INFO | Inserting 2022-02-28 | 2022-03-30 ...
| MainThread | 2023-02-23 08:11:45,055 | __main__ | INFO | Trader exists id: 1026
| MainThread | 2023-02-23 08:11:45,056 | __main__ | INFO | OFFLINE TRADER
| MainThread | 2023-02-23 08:11:45,653 | __main__ | INFO | Login successfull
| MainThread | 2023-02-23 08:11:46,064 | __main__ | INFO | Inserting 2022-02-28 | 2022-03-15 ...
| MainThread | 2023-02-23 08:14:38,400 | __main__ | INFO | Trader exists id: 1026
| MainThread | 2023-02-23 08:14:38,401 | __main__ | INFO | OFFLINE TRADER
| MainThread | 2023-02-23 08:14:39,034 | __main__ | INFO | Login successfull
| MainThread | 2023-02-23 08:14:41,197 | __main__ | INFO | Inserting 2022-02-28 | 2022-03-15 ...
| MainThread | 2023-02-23 08:15:10,921 | __main__ | INFO | Inserting 2021-03-05 | 2021-03-20 ...
| MainThread | 2023-02-23 08:15:23,092 | __main__ | INFO | Inserting 2020-03-10 | 2020-03-25 ...
| MainThread | 2023-02-23 08:15:35,221 | __main__ | INFO | Inserting 2019-03-16 | 2019-03-31 ...
| MainThread | 2023-02-23 08:15:47,551 | __main__ | INFO | Inserting 2018-03-21 | 2018-04-05 ...
| MainThread | 2023-02-23 08:15:59,645 | __main__ | INFO | Inserting 2017-03-26 | 2017-04-10 ...
| MainThread | 2023-02-23 08:16:11,914 | __main__ | INFO | Inserting 2016-03-31 | 2016-04-15 ...
| MainThread | 2023-02-23 08:16:23,943 | __main__ | INFO | Inserting 2015-04-06 | 2015-04-21 ...
| MainThread | 2023-02-23 08:16:35,982 | __main__ | INFO | Inserting 2014-04-11 | 2014-04-26 ...
| MainThread | 2023-02-23 08:16:48,045 | __main__ | INFO | Inserting 2013-04-16 | 2013-05-01 ...
| MainThread | 2023-02-23 08:17:00,146 | __main__ | INFO | Inserting 2012-04-21 | 2012-05-06 ...
| MainThread | 2023-02-23 08:17:12,230 | __main__ | INFO | Inserting 2011-04-27 | 2011-05-12 ...
| MainThread | 2023-02-23 08:17:24,524 | __main__ | INFO | Inserting 2010-05-02 | 2010-05-17 ...
| MainThread | 2023-02-23 08:17:36,669 | __main__ | INFO | Inserting 2009-05-07 | 2009-05-22 ...
| MainThread | 2023-02-23 08:17:48,706 | __main__ | INFO | Inserting 2008-05-12 | 2008-05-27 ...
| MainThread | 2023-02-23 08:18:00,794 | __main__ | INFO | Inserting 2007-05-18 | 2007-06-02 ...
| MainThread | 2023-02-23 08:18:12,991 | __main__ | INFO | Inserting 2006-05-23 | 2006-06-07 ...
| MainThread | 2023-02-23 08:18:25,090 | __main__ | INFO | Inserting 2005-05-28 | 2005-06-12 ...
| MainThread | 2023-02-23 08:18:37,306 | __main__ | INFO | Inserting 2004-06-02 | 2004-06-17 ...
| MainThread | 2023-02-23 08:18:49,366 | __main__ | INFO | Inserting 2003-06-08 | 2003-06-23 ...
| MainThread | 2023-02-23 08:19:01,515 | __main__ | INFO | Inserting 2002-06-13 | 2002-06-28 ...
| MainThread | 2023-02-23 08:19:13,922 | __main__ | INFO | Inserting 2001-06-18 | 2001-07-03 ...
| MainThread | 2023-02-23 08:19:25,953 | __main__ | INFO | Inserting 2000-06-23 | 2000-07-08 ...
| MainThread | 2023-02-23 13:34:01,727 | __main__ | INFO | Trader exists id: 1026
| MainThread | 2023-02-23 13:34:01,728 | __main__ | INFO | OFFLINE TRADER
| MainThread | 2023-02-23 13:34:02,315 | __main__ | INFO | Login successfull
| MainThread | 2023-02-23 13:36:26,356 | __main__ | INFO | Loading Candles of 2022
