| MainThread | 2023-02-09 16:58:47,449 | __main__ | INFO | ONLINE TRADER
| MainThread | 2023-02-09 16:59:31,789 | __main__ | INFO | SYSTEM STARTS
| MainThread | 2023-02-09 17:03:04,510 | __main__ | INFO | 
Crossover: False/False
Hist. Profits: [0]
Max risks: 0
| MainThread | 2023-02-09 17:04:03,624 | __main__ | INFO | 
Crossover: False/False
Hist. Profits: [0]
Max risks: 0
| MainThread | 2023-02-09 17:05:04,881 | __main__ | INFO | 
Crossover: False/False
Hist. Profits: [0]
Max risks: 0
| MainThread | 2023-02-09 17:06:03,399 | __main__ | INFO | 
Crossover: False/False
Hist. Profits: [0]
Max risks: 0
| MainThread | 2023-02-09 17:07:01,973 | __main__ | INFO | 
Crossover: False/False
Hist. Profits: [0]
Max risks: 0
| MainThread | 2023-02-09 17:08:05,757 | __main__ | INFO | 
Crossover: False/False
Hist. Profits: [0]
Max risks: 0
| MainThread | 2023-02-09 17:09:04,165 | __main__ | INFO | 
Crossover: False/False
Hist. Profits: [0]
Max risks: 0
| MainThread | 2023-02-09 17:10:02,555 | __main__ | INFO | 
Crossover: False/False
Hist. Profits: [0]
Max risks: 0
| MainThread | 2023-02-09 17:11:01,305 | __main__ | INFO | 
Crossover: False/False
Hist. Profits: [0]
Max risks: 0
| MainThread | 2023-02-09 17:12:05,331 | __main__ | INFO | 
Crossover: False/False
Hist. Profits: [0]
Max risks: 0
