2023-01-20 18:52:02,002 : INFO : MainThread : __main__ ONLINE TRADER
2023-01-20 18:52:02,055 : INFO : MainThread : trading_accounts Trader already exists | tradername: Test-trader
2023-01-20 18:52:03,149 : INFO : MainThread : root Login successful
2023-01-20 19:03:00,378 : INFO : Thread-28 (candle_processor) : trading_accounts Up Crossover
2023-01-20 19:03:00,394 : INFO : Thread-28 (candle_processor) : trading_accounts 
**************************
Step count (11) > long_ma (10)
 Is bought: False
 Is short: False
 Up cross: True
 Down cross: False
 Previous:
     Time: 2023-01-20 19:01:00
      Short_ma: 0.93315
       Long_ma: 0.9329
 Current:
      Time: 2023-01-20 19:02:00
            Short_ma: 0.933155
            Long_ma: 0.9328990909090907
 Angle: 0.6316373334126197
 Min_angle: 5
 Entry Price: None
 Entry Position: None
 Current Price: None
 Current Position: None
 Profit: None
 Prev. Profit: None
**************************
2023-01-20 19:04:00,766 : INFO : Thread-30 (candle_processor) : trading_accounts Up Crossover
2023-01-20 19:04:00,798 : INFO : Thread-30 (candle_processor) : trading_accounts 
**************************
Step count (12) > long_ma (10)
 Is bought: False
 Is short: False
 Up cross: True
 Down cross: False
 Previous:
     Time: 2023-01-20 19:02:00
      Short_ma: 0.933155
       Long_ma: 0.9328990909090907
 Current:
      Time: 2023-01-20 19:03:00
            Short_ma: 0.93313
            Long_ma: 0.9328963636363635
 Angle: -2.3789128155123604
 Min_angle: 5
 Entry Price: None
 Entry Position: None
 Current Price: None
 Current Position: None
 Profit: None
 Prev. Profit: None
**************************
2023-01-20 19:05:00,280 : INFO : Thread-32 (candle_processor) : trading_accounts Up Crossover
2023-01-20 19:05:00,296 : INFO : Thread-32 (candle_processor) : trading_accounts 
**************************
Step count (13) > long_ma (10)
 Is bought: False
 Is short: False
 Up cross: True
 Down cross: False
 Previous:
     Time: 2023-01-20 19:03:00
      Short_ma: 0.93313
       Long_ma: 0.9328963636363635
 Current:
      Time: 2023-01-20 19:04:00
            Short_ma: 0.933055
            Long_ma: 0.932910909090909
 Angle: -9.519873218102582
 Min_angle: 5
 Entry Price: None
 Entry Position: None
 Current Price: None
 Current Position: None
 Profit: None
 Prev. Profit: None
**************************
2023-01-20 19:06:00,358 : INFO : Thread-34 (candle_processor) : trading_accounts Up Crossover
2023-01-20 19:06:00,421 : INFO : Thread-34 (candle_processor) : trading_accounts 
**************************
Step count (14) > long_ma (10)
 Is bought: False
 Is short: False
 Up cross: True
 Down cross: False
 Previous:
     Time: 2023-01-20 19:04:00
      Short_ma: 0.933055
       Long_ma: 0.932910909090909
 Current:
      Time: 2023-01-20 19:05:00
            Short_ma: 0.93302
            Long_ma: 0.9329272727272727
 Angle: -5.484674500387391
 Min_angle: 5
 Entry Price: None
 Entry Position: None
 Current Price: None
 Current Position: None
 Profit: None
 Prev. Profit: None
**************************
2023-01-20 19:07:01,245 : INFO : Thread-36 (candle_processor) : trading_accounts Up Crossover
2023-01-20 19:07:01,292 : INFO : Thread-36 (candle_processor) : trading_accounts 
**************************
Step count (15) > long_ma (10)
 Is bought: False
 Is short: False
 Up cross: True
 Down cross: False
 Previous:
     Time: 2023-01-20 19:05:00
      Short_ma: 0.93302
       Long_ma: 0.9329272727272727
 Current:
      Time: 2023-01-20 19:06:00
            Short_ma: 0.9330849999999999
            Long_ma: 0.9329645454545455
 Angle: 2.936550702052798
 Min_angle: 5
 Entry Price: None
 Entry Position: None
 Current Price: None
 Current Position: None
 Profit: None
 Prev. Profit: None
**************************
2023-01-20 19:08:00,426 : INFO : Thread-38 (candle_processor) : trading_accounts Up Crossover
2023-01-20 19:08:00,473 : INFO : Thread-38 (candle_processor) : trading_accounts 
**************************
Step count (16) > long_ma (10)
 Is bought: False
 Is short: False
 Up cross: True
 Down cross: False
 Previous:
     Time: 2023-01-20 19:06:00
      Short_ma: 0.9330849999999999
       Long_ma: 0.9329645454545455
 Current:
      Time: 2023-01-20 19:07:00
            Short_ma: 0.9331
            Long_ma: 0.9329899999999999
 Angle: -1.1159154294627802
 Min_angle: 5
 Entry Price: None
 Entry Position: None
 Current Price: None
 Current Position: None
 Profit: None
 Prev. Profit: None
**************************
2023-01-20 19:09:01,166 : INFO : Thread-40 (candle_processor) : trading_accounts Up Crossover
2023-01-20 19:09:01,181 : INFO : Thread-40 (candle_processor) : trading_accounts 
**************************
Step count (17) > long_ma (10)
 Is bought: False
 Is short: False
 Up cross: True
 Down cross: False
 Previous:
     Time: 2023-01-20 19:07:00
      Short_ma: 0.9331
       Long_ma: 0.9329899999999999
 Current:
      Time: 2023-01-20 19:08:00
            Short_ma: 0.93304
            Long_ma: 0.9330190909090906
 Angle: -9.493745002093185
 Min_angle: 5
 Entry Price: None
 Entry Position: None
 Current Price: None
 Current Position: None
 Profit: None
 Prev. Profit: None
**************************
2023-01-20 19:10:01,011 : INFO : Thread-42 (candle_processor) : trading_accounts Up Crossover
2023-01-20 19:10:01,043 : INFO : Thread-42 (candle_processor) : trading_accounts 
**************************
Step count (18) > long_ma (10)
 Is bought: False
 Is short: False
 Up cross: True
 Down cross: False
 Previous:
     Time: 2023-01-20 19:08:00
      Short_ma: 0.93304
       Long_ma: 0.9330190909090906
 Current:
      Time: 2023-01-20 19:09:00
            Short_ma: 0.93297
            Long_ma: 0.9330363636363633
 Angle: -9.286278878374565
 Min_angle: 5
 Entry Price: None
 Entry Position: None
 Current Price: None
 Current Position: None
 Profit: None
 Prev. Profit: None
**************************
2023-01-20 19:11:00,271 : INFO : Thread-44 (candle_processor) : trading_accounts Up Crossover
2023-01-20 19:11:00,303 : INFO : Thread-44 (candle_processor) : trading_accounts 
**************************
Step count (19) > long_ma (10)
 Is bought: False
 Is short: False
 Up cross: True
 Down cross: False
 Previous:
     Time: 2023-01-20 19:09:00
      Short_ma: 0.93297
       Long_ma: 0.9330363636363633
 Current:
      Time: 2023-01-20 19:10:00
            Short_ma: 0.93282
            Long_ma: 0.9330418181818181
 Angle: -16.217360361655537
 Min_angle: 5
 Entry Price: None
 Entry Position: None
 Current Price: None
 Current Position: None
 Profit: None
 Prev. Profit: None
**************************
2023-01-20 19:12:01,491 : INFO : Thread-46 (candle_processor) : trading_accounts Up Crossover
2023-01-20 19:12:01,523 : INFO : Thread-46 (candle_processor) : trading_accounts 
**************************
Step count (20) > long_ma (10)
 Is bought: False
 Is short: False
 Up cross: True
 Down cross: False
 Previous:
     Time: 2023-01-20 19:10:00
      Short_ma: 0.93282
       Long_ma: 0.9330418181818181
 Current:
      Time: 2023-01-20 19:11:00
            Short_ma: 0.932725
            Long_ma: 0.9330036363636363
 Angle: -5.9760934669895605
 Min_angle: 5
 Entry Price: None
 Entry Position: None
 Current Price: None
 Current Position: None
 Profit: None
 Prev. Profit: None
**************************
2023-01-20 19:13:00,240 : INFO : Thread-48 (candle_processor) : trading_accounts Up Crossover
2023-01-20 19:13:00,635 : DEBUG : Thread-48 (candle_processor) : urllib3.connectionpool Starting new HTTPS connection (1): theforexapi.com:443
2023-01-20 19:13:01,514 : DEBUG : Thread-48 (candle_processor) : urllib3.connectionpool https://theforexapi.com:443 "GET /api/latest?base=AUD&symbols=EUR&rtype=fpy HTTP/1.1" 200 None
2023-01-20 19:13:01,625 : DEBUG : Thread-48 (candle_processor) : urllib3.connectionpool Starting new HTTPS connection (1): theforexapi.com:443
2023-01-20 19:13:02,065 : DEBUG : Thread-48 (candle_processor) : urllib3.connectionpool https://theforexapi.com:443 "GET /api/latest?base=AUD&symbols=EUR&rtype=fpy HTTP/1.1" 200 None
2023-01-20 19:13:02,175 : DEBUG : Thread-48 (candle_processor) : urllib3.connectionpool Starting new HTTPS connection (1): theforexapi.com:443
2023-01-20 19:13:02,624 : DEBUG : Thread-48 (candle_processor) : urllib3.connectionpool https://theforexapi.com:443 "GET /api/latest?base=AUD&symbols=EUR&rtype=fpy HTTP/1.1" 200 None
2023-01-20 19:13:02,655 : INFO : Thread-48 (candle_processor) : trading_accounts 
******
BUY
******
2023-01-20 19:13:02,764 : DEBUG : Thread-48 (candle_processor) : urllib3.connectionpool Starting new HTTPS connection (1): theforexapi.com:443
2023-01-20 19:13:03,266 : DEBUG : Thread-48 (candle_processor) : urllib3.connectionpool https://theforexapi.com:443 "GET /api/latest?base=AUD&symbols=EUR&rtype=fpy HTTP/1.1" 200 None
2023-01-20 19:13:03,375 : DEBUG : Thread-48 (candle_processor) : urllib3.connectionpool Starting new HTTPS connection (1): theforexapi.com:443
2023-01-20 19:13:03,812 : DEBUG : Thread-48 (candle_processor) : urllib3.connectionpool https://theforexapi.com:443 "GET /api/latest?base=AUD&symbols=EUR&rtype=fpy HTTP/1.1" 200 None
2023-01-20 19:13:04,209 : DEBUG : Thread-48 (candle_processor) : urllib3.connectionpool Starting new HTTPS connection (1): theforexapi.com:443
2023-01-20 19:13:04,630 : DEBUG : Thread-48 (candle_processor) : urllib3.connectionpool https://theforexapi.com:443 "GET /api/latest?base=AUD&symbols=EUR&rtype=fpy HTTP/1.1" 200 None
2023-01-20 19:13:04,662 : INFO : Thread-48 (candle_processor) : trading_accounts 
**************************
Step count (21) > long_ma (10)
 Is bought: True
 Is short: False
 Up cross: False
 Down cross: False
 Previous:
     Time: 2023-01-20 19:11:00
      Short_ma: 0.932725
       Long_ma: 0.9330036363636363
 Current:
      Time: 2023-01-20 19:12:00
            Short_ma: 0.932795
            Long_ma: 0.9329772727272728
 Angle: 10.25642204128383
 Min_angle: 5
 Entry Price: 0.93298
 Entry Position: 31.740067404298618
 Current Price: None
 Current Position: None
 Profit: None
 Prev. Profit: None
**************************
2023-01-20 19:14:00,511 : DEBUG : Thread-50 (candle_processor) : urllib3.connectionpool Starting new HTTPS connection (1): theforexapi.com:443
2023-01-20 19:14:01,428 : DEBUG : Thread-50 (candle_processor) : urllib3.connectionpool https://theforexapi.com:443 "GET /api/latest?base=AUD&symbols=EUR&rtype=fpy HTTP/1.1" 200 None
2023-01-20 19:14:01,476 : INFO : Thread-50 (candle_processor) : trading_accounts Is Bought
Buy price 31.740067404298618
Profit 0.29999999999996696
Diff 6.0000000000060005e-05
Potential profits []
2023-01-20 19:14:01,505 : INFO : Thread-50 (candle_processor) : trading_accounts Down Crossover
2023-01-20 19:14:01,535 : INFO : Thread-50 (candle_processor) : trading_accounts 
**************************
Step count (22) > long_ma (10)
 Is bought: True
 Is short: False
 Up cross: False
 Down cross: True
 Previous:
     Time: 2023-01-20 19:12:00
      Short_ma: 0.932795
       Long_ma: 0.9329772727272728
 Current:
      Time: 2023-01-20 19:13:00
            Short_ma: 0.932945
            Long_ma: 0.9329654545454545
 Angle: 16.897417443509422
 Min_angle: 5
 Entry Price: 0.93298
 Entry Position: 31.740067404298618
 Current Price: 0.93328
 Current Position: 31.75027343253211
 Profit: 0.29999999999996696
 Prev. Profit: 0
**************************
2023-01-20 19:15:00,652 : DEBUG : Thread-52 (candle_processor) : urllib3.connectionpool Starting new HTTPS connection (1): theforexapi.com:443
2023-01-20 19:15:01,154 : DEBUG : Thread-52 (candle_processor) : urllib3.connectionpool https://theforexapi.com:443 "GET /api/latest?base=AUD&symbols=EUR&rtype=fpy HTTP/1.1" 200 None
2023-01-20 19:15:01,202 : INFO : Thread-52 (candle_processor) : trading_accounts Is Bought
Buy price 31.740067404298618
Profit 0.19000000000002348
Diff 0.00010999999999994348
Potential profits [6.0000000000060005e-05]
2023-01-20 19:15:01,233 : INFO : Thread-52 (candle_processor) : trading_accounts 
******
SELL
******
2023-01-20 19:15:01,638 : INFO : Thread-52 (candle_processor) : trading_accounts Up Crossover
2023-01-20 19:15:01,732 : DEBUG : Thread-52 (candle_processor) : urllib3.connectionpool Starting new HTTPS connection (1): theforexapi.com:443
2023-01-20 19:15:02,454 : DEBUG : Thread-52 (candle_processor) : urllib3.connectionpool https://theforexapi.com:443 "GET /api/latest?base=AUD&symbols=EUR&rtype=fpy HTTP/1.1" 200 None
2023-01-20 19:15:02,625 : DEBUG : Thread-52 (candle_processor) : urllib3.connectionpool Starting new HTTPS connection (1): theforexapi.com:443
2023-01-20 19:15:02,750 : DEBUG : Thread-53 (insert_trade) : urllib3.connectionpool Starting new HTTPS connection (1): theforexapi.com:443
2023-01-20 19:15:03,186 : DEBUG : Thread-52 (candle_processor) : urllib3.connectionpool https://theforexapi.com:443 "GET /api/latest?base=AUD&symbols=EUR&rtype=fpy HTTP/1.1" 200 None
2023-01-20 19:15:03,247 : DEBUG : Thread-53 (insert_trade) : urllib3.connectionpool https://theforexapi.com:443 "GET /api/latest?base=AUD&symbols=EUR&rtype=fpy HTTP/1.1" 200 None
2023-01-20 19:15:03,262 : DEBUG : Thread-52 (candle_processor) : urllib3.connectionpool Starting new HTTPS connection (1): theforexapi.com:443
2023-01-20 19:15:03,401 : DEBUG : Thread-53 (insert_trade) : urllib3.connectionpool Starting new HTTPS connection (1): theforexapi.com:443
2023-01-20 19:15:03,854 : DEBUG : Thread-52 (candle_processor) : urllib3.connectionpool https://theforexapi.com:443 "GET /api/latest?base=AUD&symbols=EUR&rtype=fpy HTTP/1.1" 200 None
2023-01-20 19:15:03,885 : INFO : Thread-52 (candle_processor) : trading_accounts 
******
BUY
******
2023-01-20 19:15:04,025 : DEBUG : Thread-53 (insert_trade) : urllib3.connectionpool https://theforexapi.com:443 "GET /api/latest?base=AUD&symbols=EUR&rtype=fpy HTTP/1.1" 200 None
2023-01-20 19:15:04,056 : DEBUG : Thread-52 (candle_processor) : urllib3.connectionpool Starting new HTTPS connection (1): theforexapi.com:443
2023-01-20 19:15:04,717 : DEBUG : Thread-52 (candle_processor) : urllib3.connectionpool https://theforexapi.com:443 "GET /api/latest?base=AUD&symbols=EUR&rtype=fpy HTTP/1.1" 200 None
2023-01-20 19:15:04,796 : DEBUG : Thread-52 (candle_processor) : urllib3.connectionpool Starting new HTTPS connection (1): theforexapi.com:443
2023-01-20 19:15:05,315 : DEBUG : Thread-52 (candle_processor) : urllib3.connectionpool https://theforexapi.com:443 "GET /api/latest?base=AUD&symbols=EUR&rtype=fpy HTTP/1.1" 200 None
2023-01-20 19:15:06,117 : DEBUG : Thread-52 (candle_processor) : urllib3.connectionpool Starting new HTTPS connection (1): theforexapi.com:443
2023-01-20 19:15:06,713 : DEBUG : Thread-52 (candle_processor) : urllib3.connectionpool https://theforexapi.com:443 "GET /api/latest?base=AUD&symbols=EUR&rtype=fpy HTTP/1.1" 200 None
2023-01-20 19:15:06,761 : INFO : Thread-52 (candle_processor) : trading_accounts 
**************************
Step count (23) > long_ma (10)
 Is bought: True
 Is short: False
 Up cross: False
 Down cross: False
 Previous:
     Time: 2023-01-20 19:13:00
      Short_ma: 0.932945
       Long_ma: 0.9329654545454545
 Current:
      Time: 2023-01-20 19:14:00
            Short_ma: 0.932985
            Long_ma: 0.9329509090909092
 Angle: 5.8223497767035814
 Min_angle: 5
 Entry Price: 0.93293
 Entry Position: 31.738366399593033
 Current Price: 0.93317
 Current Position: 31.746531222179833
 Profit: 0.19000000000002348
 Prev. Profit: 0.29999999999996696
**************************
2023-01-20 19:16:00,771 : DEBUG : Thread-55 (candle_processor) : urllib3.connectionpool Starting new HTTPS connection (1): theforexapi.com:443
2023-01-20 19:16:01,240 : DEBUG : Thread-55 (candle_processor) : urllib3.connectionpool https://theforexapi.com:443 "GET /api/latest?base=AUD&symbols=EUR&rtype=fpy HTTP/1.1" 200 None
2023-01-20 19:16:01,270 : INFO : Thread-55 (candle_processor) : trading_accounts Is Bought
Buy price 31.738366399593033
Profit 0.18999999999991246
Diff -4.999999999999449e-05
Potential profits [0]
2023-01-20 19:16:01,301 : INFO : Thread-55 (candle_processor) : trading_accounts Down Crossover
2023-01-20 19:16:01,472 : DEBUG : Thread-55 (candle_processor) : urllib3.connectionpool Starting new HTTPS connection (1): theforexapi.com:443
2023-01-20 19:16:01,909 : DEBUG : Thread-55 (candle_processor) : urllib3.connectionpool https://theforexapi.com:443 "GET /api/latest?base=AUD&symbols=EUR&rtype=fpy HTTP/1.1" 200 None
2023-01-20 19:16:02,067 : DEBUG : Thread-55 (candle_processor) : urllib3.connectionpool Starting new HTTPS connection (1): theforexapi.com:443
2023-01-20 19:16:02,550 : DEBUG : Thread-55 (candle_processor) : urllib3.connectionpool https://theforexapi.com:443 "GET /api/latest?base=AUD&symbols=EUR&rtype=fpy HTTP/1.1" 200 None
2023-01-20 19:16:02,661 : DEBUG : Thread-55 (candle_processor) : urllib3.connectionpool Starting new HTTPS connection (1): theforexapi.com:443
2023-01-20 19:16:03,086 : DEBUG : Thread-55 (candle_processor) : urllib3.connectionpool https://theforexapi.com:443 "GET /api/latest?base=AUD&symbols=EUR&rtype=fpy HTTP/1.1" 200 None
2023-01-20 19:16:03,118 : INFO : Thread-55 (candle_processor) : trading_accounts Already positioned
2023-01-20 19:16:03,149 : INFO : Thread-55 (candle_processor) : trading_accounts 
**************************
Step count (24) > long_ma (10)
 Is bought: True
 Is short: False
 Up cross: False
 Down cross: True
 Previous:
     Time: 2023-01-20 19:14:00
      Short_ma: 0.932985
       Long_ma: 0.9329509090909092
 Current:
      Time: 2023-01-20 19:15:00
            Short_ma: 0.9329000000000001
            Long_ma: 0.9329372727272727
 Angle: -7.553700759598261
 Min_angle: 5
 Entry Price: 0.93293
 Entry Position: 31.738366399593033
 Current Price: 0.93312
 Current Position: 31.744830217474252
 Profit: 0.18999999999991246
 Prev. Profit: 0.19000000000002348
**************************
2023-01-20 19:17:01,665 : DEBUG : Thread-57 (candle_processor) : urllib3.connectionpool Starting new HTTPS connection (1): theforexapi.com:443
2023-01-20 19:17:02,554 : DEBUG : Thread-57 (candle_processor) : urllib3.connectionpool https://theforexapi.com:443 "GET /api/latest?base=AUD&symbols=EUR&rtype=fpy HTTP/1.1" 200 None
2023-01-20 19:17:02,586 : INFO : Thread-57 (candle_processor) : trading_accounts Is Bought
Buy price 31.738366399593033
Profit 0.12000000000000899
Diff -2.999999999997449e-05
Potential profits [0, -4.999999999999449e-05]
2023-01-20 19:17:02,617 : INFO : Thread-57 (candle_processor) : trading_accounts 
******
SELL
******
2023-01-20 19:17:02,992 : INFO : Thread-57 (candle_processor) : trading_accounts Down Crossover
2023-01-20 19:17:03,024 : INFO : Thread-57 (candle_processor) : trading_accounts 
**************************
Step count (25) > long_ma (10)
 Is bought: False
 Is short: False
 Up cross: False
 Down cross: False
 Previous:
     Time: 2023-01-20 19:15:00
      Short_ma: 0.9329000000000001
       Long_ma: 0.9329372727272727
 Current:
      Time: 2023-01-20 19:16:00
            Short_ma: 0.932845
            Long_ma: 0.9329190909090909
 Angle: -3.9159234032604164
 Min_angle: 5
 Entry Price: 0.93293
 Entry Position: None
 Current Price: 0.93305
 Current Position: 31.742448810886433
 Profit: 0.12000000000000899
 Prev. Profit: 0.18999999999991246
**************************
2023-01-20 19:17:03,888 : DEBUG : Thread-58 (insert_trade) : urllib3.connectionpool Starting new HTTPS connection (1): theforexapi.com:443
2023-01-20 19:17:04,766 : DEBUG : Thread-58 (insert_trade) : urllib3.connectionpool https://theforexapi.com:443 "GET /api/latest?base=AUD&symbols=EUR&rtype=fpy HTTP/1.1" 200 None
2023-01-20 19:17:04,892 : DEBUG : Thread-58 (insert_trade) : urllib3.connectionpool Starting new HTTPS connection (1): theforexapi.com:443
2023-01-20 19:17:05,903 : DEBUG : Thread-58 (insert_trade) : urllib3.connectionpool https://theforexapi.com:443 "GET /api/latest?base=AUD&symbols=EUR&rtype=fpy HTTP/1.1" 200 None
2023-01-20 19:18:01,119 : INFO : Thread-60 (candle_processor) : trading_accounts Down Crossover
2023-01-20 19:18:01,150 : INFO : Thread-60 (candle_processor) : trading_accounts 
**************************
Step count (26) > long_ma (10)
 Is bought: False
 Is short: False
 Up cross: False
 Down cross: True
 Previous:
     Time: 2023-01-20 19:16:00
      Short_ma: 0.932845
       Long_ma: 0.9329190909090909
 Current:
      Time: 2023-01-20 19:17:00
            Short_ma: 0.9327799999999999
            Long_ma: 0.9328818181818183
 Angle: -2.9365507020880703
 Min_angle: 5
 Entry Price: 0.93293
 Entry Position: None
 Current Price: 0.93305
 Current Position: 31.742448810886433
 Profit: 0.12000000000000899
 Prev. Profit: 0.18999999999991246
**************************
2023-01-20 19:19:00,288 : INFO : Thread-62 (candle_processor) : trading_accounts Down Crossover
2023-01-20 19:19:00,335 : INFO : Thread-62 (candle_processor) : trading_accounts 
**************************
Step count (27) > long_ma (10)
 Is bought: False
 Is short: False
 Up cross: False
 Down cross: True
 Previous:
     Time: 2023-01-20 19:17:00
      Short_ma: 0.9327799999999999
       Long_ma: 0.9328818181818183
 Current:
      Time: 2023-01-20 19:18:00
            Short_ma: 0.9328
            Long_ma: 0.9328645454545454
 Angle: 3.9826422205304266
 Min_angle: 5
 Entry Price: 0.93293
 Entry Position: None
 Current Price: 0.93305
 Current Position: 31.742448810886433
 Profit: 0.12000000000000899
 Prev. Profit: 0.18999999999991246
**************************
2023-01-20 19:20:00,290 : INFO : Thread-64 (candle_processor) : trading_accounts Down Crossover
2023-01-20 19:20:00,415 : DEBUG : Thread-64 (candle_processor) : urllib3.connectionpool Starting new HTTPS connection (1): theforexapi.com:443
2023-01-20 19:20:01,477 : DEBUG : Thread-64 (candle_processor) : urllib3.connectionpool https://theforexapi.com:443 "GET /api/latest?base=AUD&symbols=EUR&rtype=fpy HTTP/1.1" 200 None
2023-01-20 19:20:01,635 : DEBUG : Thread-64 (candle_processor) : urllib3.connectionpool Starting new HTTPS connection (1): theforexapi.com:443
2023-01-20 19:20:02,727 : DEBUG : Thread-64 (candle_processor) : urllib3.connectionpool https://theforexapi.com:443 "GET /api/latest?base=AUD&symbols=EUR&rtype=fpy HTTP/1.1" 200 None
2023-01-20 19:20:02,867 : DEBUG : Thread-64 (candle_processor) : urllib3.connectionpool Starting new HTTPS connection (1): theforexapi.com:443
2023-01-20 19:20:03,940 : DEBUG : Thread-64 (candle_processor) : urllib3.connectionpool https://theforexapi.com:443 "GET /api/latest?base=AUD&symbols=EUR&rtype=fpy HTTP/1.1" 200 None
2023-01-20 19:20:03,955 : INFO : Thread-64 (candle_processor) : trading_accounts 
******
SHORT
******
2023-01-20 19:20:04,050 : DEBUG : Thread-64 (candle_processor) : urllib3.connectionpool Starting new HTTPS connection (1): theforexapi.com:443
2023-01-20 19:20:05,130 : DEBUG : Thread-64 (candle_processor) : urllib3.connectionpool https://theforexapi.com:443 "GET /api/latest?base=AUD&symbols=EUR&rtype=fpy HTTP/1.1" 200 None
2023-01-20 19:20:05,254 : DEBUG : Thread-64 (candle_processor) : urllib3.connectionpool Starting new HTTPS connection (1): theforexapi.com:443
2023-01-20 19:20:06,282 : DEBUG : Thread-64 (candle_processor) : urllib3.connectionpool https://theforexapi.com:443 "GET /api/latest?base=AUD&symbols=EUR&rtype=fpy HTTP/1.1" 200 None
2023-01-20 19:20:08,142 : DEBUG : Thread-64 (candle_processor) : urllib3.connectionpool Starting new HTTPS connection (1): theforexapi.com:443
2023-01-20 19:20:09,072 : DEBUG : Thread-64 (candle_processor) : urllib3.connectionpool https://theforexapi.com:443 "GET /api/latest?base=AUD&symbols=EUR&rtype=fpy HTTP/1.1" 200 None
2023-01-20 19:20:09,104 : INFO : Thread-64 (candle_processor) : trading_accounts 
**************************
Step count (28) > long_ma (10)
 Is bought: False
 Is short: True
 Up cross: False
 Down cross: False
 Previous:
     Time: 2023-01-20 19:18:00
      Short_ma: 0.9328
       Long_ma: 0.9328645454545454
 Current:
      Time: 2023-01-20 19:19:00
            Short_ma: 0.932615
            Long_ma: 0.9328045454545454
 Angle: -12.654958995105835
 Min_angle: 5
 Entry Price: 0.9324
 Entry Position: 31.720335749713854
 Current Price: 0.93305
 Current Position: 31.742448810886433
 Profit: 0.12000000000000899
 Prev. Profit: 0.18999999999991246
**************************
2023-01-20 19:21:01,837 : DEBUG : Thread-66 (candle_processor) : urllib3.connectionpool Starting new HTTPS connection (1): theforexapi.com:443
2023-01-20 19:21:02,243 : DEBUG : Thread-66 (candle_processor) : urllib3.connectionpool https://theforexapi.com:443 "GET /api/latest?base=AUD&symbols=EUR&rtype=fpy HTTP/1.1" 200 None
2023-01-20 19:21:02,275 : INFO : Thread-66 (candle_processor) : trading_accounts Is Short
Buy price 31.720335749713854
Profit -0.36999999999998145
Diff 3.999999999992898e-05
Potential profits [0]
2023-01-20 19:21:02,307 : INFO : Thread-66 (candle_processor) : trading_accounts 
******
SELL
******
2023-01-20 19:21:02,715 : INFO : Thread-66 (candle_processor) : trading_accounts Down Crossover
2023-01-20 19:21:02,872 : DEBUG : Thread-66 (candle_processor) : urllib3.connectionpool Starting new HTTPS connection (1): theforexapi.com:443
2023-01-20 19:21:03,342 : DEBUG : Thread-66 (candle_processor) : urllib3.connectionpool https://theforexapi.com:443 "GET /api/latest?base=AUD&symbols=EUR&rtype=fpy HTTP/1.1" 200 None
2023-01-20 19:21:03,450 : DEBUG : Thread-66 (candle_processor) : urllib3.connectionpool Starting new HTTPS connection (1): theforexapi.com:443
2023-01-20 19:21:03,450 : DEBUG : Thread-67 (insert_trade) : urllib3.connectionpool Starting new HTTPS connection (1): theforexapi.com:443
2023-01-20 19:21:03,942 : DEBUG : Thread-66 (candle_processor) : urllib3.connectionpool https://theforexapi.com:443 "GET /api/latest?base=AUD&symbols=EUR&rtype=fpy HTTP/1.1" 200 None
2023-01-20 19:21:04,020 : DEBUG : Thread-67 (insert_trade) : urllib3.connectionpool https://theforexapi.com:443 "GET /api/latest?base=AUD&symbols=EUR&rtype=fpy HTTP/1.1" 200 None
2023-01-20 19:21:04,098 : DEBUG : Thread-66 (candle_processor) : urllib3.connectionpool Starting new HTTPS connection (1): theforexapi.com:443
2023-01-20 19:21:04,178 : DEBUG : Thread-67 (insert_trade) : urllib3.connectionpool Starting new HTTPS connection (1): theforexapi.com:443
2023-01-20 19:21:04,617 : DEBUG : Thread-66 (candle_processor) : urllib3.connectionpool https://theforexapi.com:443 "GET /api/latest?base=AUD&symbols=EUR&rtype=fpy HTTP/1.1" 200 None
2023-01-20 19:21:04,665 : INFO : Thread-66 (candle_processor) : trading_accounts 
******
SHORT
******
2023-01-20 19:21:04,744 : DEBUG : Thread-67 (insert_trade) : urllib3.connectionpool https://theforexapi.com:443 "GET /api/latest?base=AUD&symbols=EUR&rtype=fpy HTTP/1.1" 200 None
2023-01-20 19:21:04,808 : DEBUG : Thread-66 (candle_processor) : urllib3.connectionpool Starting new HTTPS connection (1): theforexapi.com:443
2023-01-20 19:21:05,296 : DEBUG : Thread-66 (candle_processor) : urllib3.connectionpool https://theforexapi.com:443 "GET /api/latest?base=AUD&symbols=EUR&rtype=fpy HTTP/1.1" 200 None
2023-01-20 19:21:05,451 : DEBUG : Thread-66 (candle_processor) : urllib3.connectionpool Starting new HTTPS connection (1): theforexapi.com:443
2023-01-20 19:21:05,917 : DEBUG : Thread-66 (candle_processor) : urllib3.connectionpool https://theforexapi.com:443 "GET /api/latest?base=AUD&symbols=EUR&rtype=fpy HTTP/1.1" 200 None
2023-01-20 19:21:06,888 : DEBUG : Thread-66 (candle_processor) : urllib3.connectionpool Starting new HTTPS connection (1): theforexapi.com:443
2023-01-20 19:21:07,418 : DEBUG : Thread-66 (candle_processor) : urllib3.connectionpool https://theforexapi.com:443 "GET /api/latest?base=AUD&symbols=EUR&rtype=fpy HTTP/1.1" 200 None
2023-01-20 19:21:07,450 : INFO : Thread-66 (candle_processor) : trading_accounts 
**************************
Step count (29) > long_ma (10)
 Is bought: False
 Is short: True
 Up cross: False
 Down cross: False
 Previous:
     Time: 2023-01-20 19:19:00
      Short_ma: 0.932615
       Long_ma: 0.9328045454545454
 Current:
      Time: 2023-01-20 19:20:00
            Short_ma: 0.93246
            Long_ma: 0.9327718181818181
 Angle: -12.634716655563578
 Min_angle: 5
 Entry Price: 0.93255
 Entry Position: 31.7254387638306
 Current Price: 0.93277
 Current Position: 31.732923184535167
 Profit: -0.36999999999998145
 Prev. Profit: 0.12000000000000899
**************************
2023-01-20 19:22:02,510 : DEBUG : Thread-69 (candle_processor) : urllib3.connectionpool Starting new HTTPS connection (1): theforexapi.com:443
2023-01-20 19:22:02,932 : DEBUG : Thread-69 (candle_processor) : urllib3.connectionpool https://theforexapi.com:443 "GET /api/latest?base=AUD&symbols=EUR&rtype=fpy HTTP/1.1" 200 None
2023-01-20 19:22:02,979 : INFO : Thread-69 (candle_processor) : trading_accounts Is Short
Buy price 31.7254387638306
Profit -0.280000000000058
Diff -0.00018999999999991246
Potential profits [0]
2023-01-20 19:22:02,995 : INFO : Thread-69 (candle_processor) : trading_accounts 
******
SELL
******
2023-01-20 19:22:03,398 : INFO : Thread-69 (candle_processor) : trading_accounts Down Crossover
2023-01-20 19:22:03,445 : INFO : Thread-69 (candle_processor) : trading_accounts 
**************************
Step count (30) > long_ma (10)
 Is bought: False
 Is short: False
 Up cross: False
 Down cross: False
 Previous:
     Time: 2023-01-20 19:20:00
      Short_ma: 0.93246
       Long_ma: 0.9327718181818181
 Current:
      Time: 2023-01-20 19:21:00
            Short_ma: 0.93256
            Long_ma: 0.9327572727272728
 Angle: 12.122470685416532
 Min_angle: 5
 Entry Price: 0.93255
 Entry Position: None
 Current Price: 0.93283
 Current Position: 31.734964390181872
 Profit: -0.280000000000058
 Prev. Profit: -0.36999999999998145
**************************
2023-01-20 19:23:00,379 : INFO : Thread-70 (insert_trade) : trading_accounts Exception at get trade: [SSL: WRONG_VERSION_NUMBER] wrong version number (_ssl.c:2548)
2023-01-20 19:23:00,379 : INFO : Thread-6 (ping_client) : trading_accounts Exception at ping: [SSL: WRONG_VERSION_NUMBER] wrong version number (_ssl.c:2548)
2023-01-20 19:23:01,062 : INFO : Thread-70 (insert_trade) : root Login successful
2023-01-20 19:23:01,266 : INFO : Thread-6 (ping_client) : root Login successful
2023-01-20 19:23:02,250 : DEBUG : Thread-70 (insert_trade) : urllib3.connectionpool Starting new HTTPS connection (1): theforexapi.com:443
2023-01-20 19:23:04,090 : DEBUG : Thread-70 (insert_trade) : urllib3.connectionpool https://theforexapi.com:443 "GET /api/latest?base=AUD&symbols=EUR&rtype=fpy HTTP/1.1" 200 None
2023-01-20 19:23:04,437 : DEBUG : Thread-70 (insert_trade) : urllib3.connectionpool Starting new HTTPS connection (1): theforexapi.com:443
2023-01-20 19:23:06,171 : DEBUG : Thread-70 (insert_trade) : urllib3.connectionpool https://theforexapi.com:443 "GET /api/latest?base=AUD&symbols=EUR&rtype=fpy HTTP/1.1" 200 None
