| MainThread | 2023-02-05 12:03:06,551 | trading_accounts | INFO | Trader created id: 1023
| MainThread | 2023-02-05 12:04:09,783 | trading_accounts | INFO | GOOD
Symbol NZDCHF: 0.0005892187186868998 / 0.00022 = 2.6782669031222714
| MainThread | 2023-02-05 12:04:12,011 | trading_accounts | INFO | GOOD
Symbol EURGBP: 0.0010821078117624297 / 0.00013 = 8.323906244326384
| MainThread | 2023-02-05 12:04:14,398 | trading_accounts | INFO | GOOD
Symbol EURUSD: 0.0014808213646954002 / 0.0001 = 14.808213646954002
| MainThread | 2023-02-05 12:04:15,577 | trading_accounts | INFO | GOOD
Symbol USDCHF: 0.0013868275309255286 / 0.00016 = 8.667672068284553
| MainThread | 2023-02-05 12:04:17,297 | trading_accounts | INFO | GOOD
Symbol CADCHF: 0.0007330790799983044 / 0.00023 = 3.1873003478187147
| MainThread | 2023-02-05 12:04:19,533 | trading_accounts | INFO | GOOD
Symbol EURCHF: 0.0010898857532202395 / 0.00014 = 7.784898237287425
| MainThread | 2023-02-05 12:04:21,778 | trading_accounts | INFO | GOOD
Symbol EURCAD: 0.0023635251179883474 / 0.00023 = 10.276196165166727
| MainThread | 2023-02-05 12:04:23,121 | trading_accounts | INFO | GOOD
Symbol USDCAD: 0.0017709317238541588 / 0.00019 = 9.32069328344294
| MainThread | 2023-02-05 12:04:24,731 | trading_accounts | INFO | GOOD
Symbol AUDCHF: 0.00137739883459424 / 0.00015 = 9.182658897294933
| MainThread | 2023-02-05 12:04:27,023 | trading_accounts | INFO | GOOD
Symbol NZDUSD: 0.0008595508034544798 / 0.00016 = 5.372192521590498
| MainThread | 2023-02-05 12:04:29,213 | trading_accounts | INFO | GOOD
Symbol GBPCHF: 0.000866960160985491 / 0.00026 = 3.334462157636504
| MainThread | 2023-02-05 12:04:30,604 | trading_accounts | INFO | GOOD
Symbol AUDCAD: 0.001641817455535778 / 0.00023 = 7.138336763199034
| MainThread | 2023-02-05 12:04:32,252 | trading_accounts | INFO | GOOD
Symbol GBPUSD: 0.0014419675834775926 / 0.00012 = 12.016396528979937
| MainThread | 2023-02-05 12:04:34,750 | trading_accounts | INFO | GOOD
Symbol NZDCAD: 0.0010068733959740514 / 0.00022 = 4.576697254427506
| MainThread | 2023-02-05 12:04:36,867 | trading_accounts | INFO | CHOSEN
Symbol AUDUSD: 0.004951254457355409 / 0.00011 = 45.01140415777645
